mode: set
github.com/ainsleyclark/verbis/api/http/pagination.go:24.34,26.2 1 1
github.com/ainsleyclark/verbis/api/http/pagination.go:29.64,37.21 4 1
github.com/ainsleyclark/verbis/api/http/pagination.go:45.2,56.25 3 1
github.com/ainsleyclark/verbis/api/http/pagination.go:59.2,59.21 1 1
github.com/ainsleyclark/verbis/api/http/pagination.go:63.2,63.19 1 1
github.com/ainsleyclark/verbis/api/http/pagination.go:37.21,40.3 2 1
github.com/ainsleyclark/verbis/api/http/pagination.go:40.8,42.3 1 1
github.com/ainsleyclark/verbis/api/http/pagination.go:56.25,58.3 1 1
github.com/ainsleyclark/verbis/api/http/pagination.go:59.21,61.3 1 1
github.com/ainsleyclark/verbis/api/http/params.go:40.40,44.2 1 1
github.com/ainsleyclark/verbis/api/http/params.go:47.31,53.29 4 1
github.com/ainsleyclark/verbis/api/http/params.go:58.2,61.23 4 1
github.com/ainsleyclark/verbis/api/http/params.go:74.2,75.17 2 1
github.com/ainsleyclark/verbis/api/http/params.go:80.2,83.24 3 1
github.com/ainsleyclark/verbis/api/http/params.go:97.2,99.24 3 1
github.com/ainsleyclark/verbis/api/http/params.go:106.2,113.3 1 1
github.com/ainsleyclark/verbis/api/http/params.go:53.29,55.3 1 1
github.com/ainsleyclark/verbis/api/http/params.go:61.23,63.3 1 1
github.com/ainsleyclark/verbis/api/http/params.go:63.8,65.17 2 1
github.com/ainsleyclark/verbis/api/http/params.go:68.3,68.35 1 1
github.com/ainsleyclark/verbis/api/http/params.go:65.17,67.4 1 1
github.com/ainsleyclark/verbis/api/http/params.go:68.35,70.4 1 1
github.com/ainsleyclark/verbis/api/http/params.go:75.17,77.3 1 1
github.com/ainsleyclark/verbis/api/http/params.go:83.24,86.3 2 1
github.com/ainsleyclark/verbis/api/http/params.go:86.8,87.24 1 1
github.com/ainsleyclark/verbis/api/http/params.go:87.24,90.4 2 1
github.com/ainsleyclark/verbis/api/http/params.go:90.9,93.4 2 1
github.com/ainsleyclark/verbis/api/http/params.go:99.24,101.17 2 1
github.com/ainsleyclark/verbis/api/http/params.go:101.17,103.4 1 1
github.com/ainsleyclark/verbis/api/http/middleware/emptybody.go:11.34,12.30 1 1
github.com/ainsleyclark/verbis/api/http/middleware/emptybody.go:12.30,15.92 2 1
github.com/ainsleyclark/verbis/api/http/middleware/emptybody.go:20.3,21.42 2 1
github.com/ainsleyclark/verbis/api/http/middleware/emptybody.go:35.3,35.11 1 1
github.com/ainsleyclark/verbis/api/http/middleware/emptybody.go:15.92,18.4 2 1
github.com/ainsleyclark/verbis/api/http/middleware/emptybody.go:21.42,24.29 2 1
github.com/ainsleyclark/verbis/api/http/middleware/emptybody.go:29.4,29.34 1 1
github.com/ainsleyclark/verbis/api/http/middleware/emptybody.go:24.29,27.5 2 1
github.com/ainsleyclark/verbis/api/http/middleware/emptybody.go:29.34,32.5 2 1
github.com/ainsleyclark/verbis/api/http/middleware/emptybody.go:40.48,44.2 3 1
github.com/ainsleyclark/verbis/api/http/middleware/emptybody.go:47.28,50.2 2 1
github.com/ainsleyclark/verbis/api/http/middleware/logger.go:10.28,11.30 1 0
github.com/ainsleyclark/verbis/api/http/middleware/logger.go:11.30,21.13 6 0
github.com/ainsleyclark/verbis/api/http/middleware/logger.go:28.3,30.13 3 0
github.com/ainsleyclark/verbis/api/http/middleware/logger.go:41.3,69.42 10 0
github.com/ainsleyclark/verbis/api/http/middleware/logger.go:74.3,74.81 1 0
github.com/ainsleyclark/verbis/api/http/middleware/logger.go:21.13,23.10 2 0
github.com/ainsleyclark/verbis/api/http/middleware/logger.go:23.10,25.5 1 0
github.com/ainsleyclark/verbis/api/http/middleware/logger.go:30.13,32.10 2 0
github.com/ainsleyclark/verbis/api/http/middleware/logger.go:32.10,34.5 1 0
github.com/ainsleyclark/verbis/api/http/middleware/logger.go:35.9,35.39 1 0
github.com/ainsleyclark/verbis/api/http/middleware/logger.go:35.39,37.4 1 0
github.com/ainsleyclark/verbis/api/http/middleware/logger.go:37.9,39.4 1 0
github.com/ainsleyclark/verbis/api/http/middleware/logger.go:69.42,71.4 1 0
github.com/ainsleyclark/verbis/api/http/middleware/logger.go:74.81,76.4 1 0
github.com/ainsleyclark/verbis/api/http/middleware/logger.go:76.9,76.51 1 0
github.com/ainsleyclark/verbis/api/http/middleware/logger.go:76.51,78.4 1 0
github.com/ainsleyclark/verbis/api/http/middleware/logger.go:78.9,80.4 1 0
github.com/ainsleyclark/verbis/api/http/middleware/recovery.go:8.72,10.2 1 0
github.com/ainsleyclark/verbis/api/http/middleware/recovery.go:12.97,13.30 1 0
github.com/ainsleyclark/verbis/api/http/middleware/recovery.go:13.30,14.16 1 0
github.com/ainsleyclark/verbis/api/http/middleware/recovery.go:19.3,19.11 1 0
github.com/ainsleyclark/verbis/api/http/middleware/recovery.go:14.16,15.36 1 0
github.com/ainsleyclark/verbis/api/http/middleware/recovery.go:15.36,17.5 1 0
github.com/ainsleyclark/verbis/api/http/middleware/redirects.go:9.60,10.30 1 1
github.com/ainsleyclark/verbis/api/http/middleware/redirects.go:10.30,14.42 3 1
github.com/ainsleyclark/verbis/api/http/middleware/redirects.go:21.3,21.11 1 1
github.com/ainsleyclark/verbis/api/http/middleware/redirects.go:14.42,15.22 1 1
github.com/ainsleyclark/verbis/api/http/middleware/redirects.go:15.22,18.5 2 1
github.com/ainsleyclark/verbis/api/http/middleware/session.go:9.60,10.30 1 1
github.com/ainsleyclark/verbis/api/http/middleware/session.go:10.30,13.47 2 1
github.com/ainsleyclark/verbis/api/http/middleware/session.go:23.3,23.11 1 1
github.com/ainsleyclark/verbis/api/http/middleware/session.go:13.47,21.4 3 1
github.com/ainsleyclark/verbis/api/http/middleware/tokencheck.go:12.71,13.30 1 0
github.com/ainsleyclark/verbis/api/http/middleware/tokencheck.go:13.30,15.45 1 0
github.com/ainsleyclark/verbis/api/http/middleware/tokencheck.go:19.3,20.17 2 0
github.com/ainsleyclark/verbis/api/http/middleware/tokencheck.go:24.3,24.20 1 0
github.com/ainsleyclark/verbis/api/http/middleware/tokencheck.go:15.45,17.4 1 0
github.com/ainsleyclark/verbis/api/http/middleware/tokencheck.go:20.17,22.4 1 0
github.com/ainsleyclark/verbis/api/http/middleware/tokencheck.go:24.20,26.4 1 0
github.com/ainsleyclark/verbis/api/http/middleware/tokencheck.go:26.9,29.4 2 0
github.com/ainsleyclark/verbis/api/http/middleware/tokencheck.go:34.74,35.30 1 0
github.com/ainsleyclark/verbis/api/http/middleware/tokencheck.go:35.30,37.45 1 0
github.com/ainsleyclark/verbis/api/http/middleware/tokencheck.go:41.3,42.17 2 0
github.com/ainsleyclark/verbis/api/http/middleware/tokencheck.go:46.3,46.20 1 0
github.com/ainsleyclark/verbis/api/http/middleware/tokencheck.go:37.45,39.4 1 0
github.com/ainsleyclark/verbis/api/http/middleware/tokencheck.go:42.17,44.4 1 0
github.com/ainsleyclark/verbis/api/http/middleware/tokencheck.go:46.20,48.4 1 0
github.com/ainsleyclark/verbis/api/http/middleware/tokencheck.go:48.9,51.4 2 0
github.com/ainsleyclark/verbis/api/http/middleware/tokencheck.go:56.45,58.17 2 0
github.com/ainsleyclark/verbis/api/http/middleware/tokencheck.go:62.2,62.12 1 0
github.com/ainsleyclark/verbis/api/http/middleware/tokencheck.go:58.17,61.3 2 0
github.com/ainsleyclark/verbis/api/http/middleware/tokencheck.go:66.84,70.16 3 0
github.com/ainsleyclark/verbis/api/http/middleware/tokencheck.go:75.2,75.20 1 0
github.com/ainsleyclark/verbis/api/http/middleware/tokencheck.go:80.2,80.16 1 0
github.com/ainsleyclark/verbis/api/http/middleware/tokencheck.go:70.16,73.3 2 0
github.com/ainsleyclark/verbis/api/http/middleware/tokencheck.go:75.20,78.3 2 0
github.com/ainsleyclark/verbis/api/http/middleware/tokencheck.go:84.53,97.2 1 0
github.com/ainsleyclark/verbis/api/http/middleware/cors.go:7.29,8.30 1 1
github.com/ainsleyclark/verbis/api/http/middleware/cors.go:8.30,14.36 5 1
github.com/ainsleyclark/verbis/api/http/middleware/cors.go:19.3,19.11 1 1
github.com/ainsleyclark/verbis/api/http/middleware/cors.go:14.36,17.4 2 1
github.com/ainsleyclark/verbis/api/http/handler/spa/spa.go:25.47,30.2 1 1
github.com/ainsleyclark/verbis/api/http/handler/spa/spa.go:41.37,46.33 2 1
github.com/ainsleyclark/verbis/api/http/handler/spa/spa.go:46.33,53.17 5 1
github.com/ainsleyclark/verbis/api/http/handler/spa/spa.go:59.3,60.33 2 1
github.com/ainsleyclark/verbis/api/http/handler/spa/spa.go:53.17,57.4 2 1
github.com/ainsleyclark/verbis/api/http/handler/spa/spa.go:63.8,66.17 2 1
github.com/ainsleyclark/verbis/api/http/handler/spa/spa.go:72.3,72.48 1 1
github.com/ainsleyclark/verbis/api/http/handler/spa/spa.go:66.17,70.4 2 1
github.com/ainsleyclark/verbis/api/http/handler/handler.go:28.65,43.2 1 1
github.com/ainsleyclark/verbis/api/http/handler/api/cache.go:17.24,19.2 1 1
github.com/ainsleyclark/verbis/api/http/handler/api/cache.go:22.39,26.2 3 1
github.com/ainsleyclark/verbis/api/http/handler/api/fields.go:24.70,29.2 1 1
github.com/ainsleyclark/verbis/api/http/handler/api/fields.go:35.38,40.16 4 0
github.com/ainsleyclark/verbis/api/http/handler/api/fields.go:45.2,45.15 1 0
github.com/ainsleyclark/verbis/api/http/handler/api/fields.go:53.2,69.16 3 0
github.com/ainsleyclark/verbis/api/http/handler/api/fields.go:75.2,76.16 2 0
github.com/ainsleyclark/verbis/api/http/handler/api/fields.go:80.2,81.16 2 0
github.com/ainsleyclark/verbis/api/http/handler/api/fields.go:86.2,86.57 1 0
github.com/ainsleyclark/verbis/api/http/handler/api/fields.go:40.16,43.3 2 0
github.com/ainsleyclark/verbis/api/http/handler/api/fields.go:45.15,47.17 2 0
github.com/ainsleyclark/verbis/api/http/handler/api/fields.go:50.3,50.18 1 0
github.com/ainsleyclark/verbis/api/http/handler/api/fields.go:47.17,49.4 1 0
github.com/ainsleyclark/verbis/api/http/handler/api/fields.go:69.16,72.3 2 0
github.com/ainsleyclark/verbis/api/http/handler/api/fields.go:76.16,78.3 1 0
github.com/ainsleyclark/verbis/api/http/handler/api/fields.go:81.16,84.3 2 0
github.com/ainsleyclark/verbis/api/http/handler/api/media.go:30.68,35.2 1 1
github.com/ainsleyclark/verbis/api/http/handler/api/media.go:42.37,47.41 4 1
github.com/ainsleyclark/verbis/api/http/handler/api/media.go:58.2,60.67 2 1
github.com/ainsleyclark/verbis/api/http/handler/api/media.go:47.41,50.3 2 1
github.com/ainsleyclark/verbis/api/http/handler/api/media.go:50.8,50.86 1 1
github.com/ainsleyclark/verbis/api/http/handler/api/media.go:50.86,53.3 2 1
github.com/ainsleyclark/verbis/api/http/handler/api/media.go:53.8,53.23 1 1
github.com/ainsleyclark/verbis/api/http/handler/api/media.go:53.23,56.3 2 1
github.com/ainsleyclark/verbis/api/http/handler/api/media.go:68.41,73.16 4 1
github.com/ainsleyclark/verbis/api/http/handler/api/media.go:78.2,79.41 2 1
github.com/ainsleyclark/verbis/api/http/handler/api/media.go:87.2,87.78 1 1
github.com/ainsleyclark/verbis/api/http/handler/api/media.go:73.16,76.3 2 1
github.com/ainsleyclark/verbis/api/http/handler/api/media.go:79.41,82.3 2 1
github.com/ainsleyclark/verbis/api/http/handler/api/media.go:82.8,82.23 1 1
github.com/ainsleyclark/verbis/api/http/handler/api/media.go:82.23,85.3 2 1
github.com/ainsleyclark/verbis/api/http/handler/api/media.go:98.40,102.16 3 1
github.com/ainsleyclark/verbis/api/http/handler/api/media.go:106.2,108.20 2 1
github.com/ainsleyclark/verbis/api/http/handler/api/media.go:113.2,113.21 1 1
github.com/ainsleyclark/verbis/api/http/handler/api/media.go:118.2,118.57 1 1
github.com/ainsleyclark/verbis/api/http/handler/api/media.go:123.2,124.16 2 1
github.com/ainsleyclark/verbis/api/http/handler/api/media.go:129.2,129.60 1 1
github.com/ainsleyclark/verbis/api/http/handler/api/media.go:102.16,105.3 2 1
github.com/ainsleyclark/verbis/api/http/handler/api/media.go:108.20,111.3 2 1
github.com/ainsleyclark/verbis/api/http/handler/api/media.go:113.21,116.3 2 1
github.com/ainsleyclark/verbis/api/http/handler/api/media.go:118.57,121.3 2 1
github.com/ainsleyclark/verbis/api/http/handler/api/media.go:124.16,127.3 2 1
github.com/ainsleyclark/verbis/api/http/handler/api/media.go:137.40,141.45 3 1
github.com/ainsleyclark/verbis/api/http/handler/api/media.go:146.2,147.16 2 1
github.com/ainsleyclark/verbis/api/http/handler/api/media.go:151.2,154.41 3 1
github.com/ainsleyclark/verbis/api/http/handler/api/media.go:162.2,162.82 1 1
github.com/ainsleyclark/verbis/api/http/handler/api/media.go:141.45,144.3 2 1
github.com/ainsleyclark/verbis/api/http/handler/api/media.go:147.16,150.3 2 1
github.com/ainsleyclark/verbis/api/http/handler/api/media.go:154.41,157.3 2 1
github.com/ainsleyclark/verbis/api/http/handler/api/media.go:157.8,157.23 1 1
github.com/ainsleyclark/verbis/api/http/handler/api/media.go:157.23,160.3 2 1
github.com/ainsleyclark/verbis/api/http/handler/api/media.go:170.40,174.16 3 1
github.com/ainsleyclark/verbis/api/http/handler/api/media.go:179.2,180.80 2 1
github.com/ainsleyclark/verbis/api/http/handler/api/media.go:188.2,188.84 1 1
github.com/ainsleyclark/verbis/api/http/handler/api/media.go:174.16,177.3 2 1
github.com/ainsleyclark/verbis/api/http/handler/api/media.go:180.80,183.3 2 1
github.com/ainsleyclark/verbis/api/http/handler/api/media.go:183.8,183.23 1 1
github.com/ainsleyclark/verbis/api/http/handler/api/media.go:183.23,186.3 2 1
github.com/ainsleyclark/verbis/api/http/handler/api/options.go:28.73,33.2 1 1
github.com/ainsleyclark/verbis/api/http/handler/api/options.go:39.39,43.41 3 1
github.com/ainsleyclark/verbis/api/http/handler/api/options.go:54.2,54.59 1 1
github.com/ainsleyclark/verbis/api/http/handler/api/options.go:43.41,46.3 2 1
github.com/ainsleyclark/verbis/api/http/handler/api/options.go:46.8,46.86 1 1
github.com/ainsleyclark/verbis/api/http/handler/api/options.go:46.86,49.3 2 1
github.com/ainsleyclark/verbis/api/http/handler/api/options.go:49.8,49.23 1 1
github.com/ainsleyclark/verbis/api/http/handler/api/options.go:49.23,52.3 2 1
github.com/ainsleyclark/verbis/api/http/handler/api/options.go:62.45,67.41 4 1
github.com/ainsleyclark/verbis/api/http/handler/api/options.go:75.2,75.74 1 1
github.com/ainsleyclark/verbis/api/http/handler/api/options.go:67.41,70.3 2 1
github.com/ainsleyclark/verbis/api/http/handler/api/options.go:70.8,70.23 1 1
github.com/ainsleyclark/verbis/api/http/handler/api/options.go:70.23,73.3 2 1
github.com/ainsleyclark/verbis/api/http/handler/api/options.go:84.48,88.69 3 1
github.com/ainsleyclark/verbis/api/http/handler/api/options.go:93.2,94.70 2 1
github.com/ainsleyclark/verbis/api/http/handler/api/options.go:99.2,99.63 1 1
github.com/ainsleyclark/verbis/api/http/handler/api/options.go:104.2,106.12 2 1
github.com/ainsleyclark/verbis/api/http/handler/api/options.go:88.69,91.3 2 1
github.com/ainsleyclark/verbis/api/http/handler/api/options.go:94.70,97.3 2 1
github.com/ainsleyclark/verbis/api/http/handler/api/options.go:99.63,102.3 2 1
github.com/ainsleyclark/verbis/api/http/handler/api/options.go:106.12,109.3 2 1
github.com/ainsleyclark/verbis/api/http/handler/api/user.go:31.66,36.2 1 1
github.com/ainsleyclark/verbis/api/http/handler/api/user.go:43.36,48.41 4 1
github.com/ainsleyclark/verbis/api/http/handler/api/user.go:58.2,62.67 3 1
github.com/ainsleyclark/verbis/api/http/handler/api/user.go:48.41,51.3 2 1
github.com/ainsleyclark/verbis/api/http/handler/api/user.go:51.8,51.86 1 1
github.com/ainsleyclark/verbis/api/http/handler/api/user.go:51.86,54.3 2 1
github.com/ainsleyclark/verbis/api/http/handler/api/user.go:54.8,54.23 1 1
github.com/ainsleyclark/verbis/api/http/handler/api/user.go:54.23,57.3 2 1
github.com/ainsleyclark/verbis/api/http/handler/api/user.go:70.40,74.16 3 1
github.com/ainsleyclark/verbis/api/http/handler/api/user.go:79.2,80.41 2 1
github.com/ainsleyclark/verbis/api/http/handler/api/user.go:87.2,89.80 2 1
github.com/ainsleyclark/verbis/api/http/handler/api/user.go:74.16,77.3 2 1
github.com/ainsleyclark/verbis/api/http/handler/api/user.go:80.41,83.3 2 1
github.com/ainsleyclark/verbis/api/http/handler/api/user.go:83.8,83.23 1 1
github.com/ainsleyclark/verbis/api/http/handler/api/user.go:83.23,86.3 2 1
github.com/ainsleyclark/verbis/api/http/handler/api/user.go:96.41,100.16 3 1
github.com/ainsleyclark/verbis/api/http/handler/api/user.go:105.2,105.60 1 1
github.com/ainsleyclark/verbis/api/http/handler/api/user.go:100.16,103.3 2 1
github.com/ainsleyclark/verbis/api/http/handler/api/user.go:113.39,117.45 3 1
github.com/ainsleyclark/verbis/api/http/handler/api/user.go:122.2,123.79 2 1
github.com/ainsleyclark/verbis/api/http/handler/api/user.go:131.2,131.84 1 1
github.com/ainsleyclark/verbis/api/http/handler/api/user.go:117.45,120.3 2 1
github.com/ainsleyclark/verbis/api/http/handler/api/user.go:123.79,126.3 2 1
github.com/ainsleyclark/verbis/api/http/handler/api/user.go:126.8,126.23 1 1
github.com/ainsleyclark/verbis/api/http/handler/api/user.go:126.23,129.3 2 1
github.com/ainsleyclark/verbis/api/http/handler/api/user.go:139.39,143.45 3 1
github.com/ainsleyclark/verbis/api/http/handler/api/user.go:148.2,149.16 2 1
github.com/ainsleyclark/verbis/api/http/handler/api/user.go:153.2,156.41 3 1
github.com/ainsleyclark/verbis/api/http/handler/api/user.go:164.2,164.88 1 1
github.com/ainsleyclark/verbis/api/http/handler/api/user.go:143.45,146.3 2 1
github.com/ainsleyclark/verbis/api/http/handler/api/user.go:149.16,152.3 2 1
github.com/ainsleyclark/verbis/api/http/handler/api/user.go:156.41,159.3 2 1
github.com/ainsleyclark/verbis/api/http/handler/api/user.go:159.8,159.23 1 1
github.com/ainsleyclark/verbis/api/http/handler/api/user.go:159.23,162.3 2 1
github.com/ainsleyclark/verbis/api/http/handler/api/user.go:172.39,176.16 3 1
github.com/ainsleyclark/verbis/api/http/handler/api/user.go:181.2,182.80 2 1
github.com/ainsleyclark/verbis/api/http/handler/api/user.go:190.2,190.78 1 1
github.com/ainsleyclark/verbis/api/http/handler/api/user.go:176.16,179.3 2 1
github.com/ainsleyclark/verbis/api/http/handler/api/user.go:182.80,185.3 2 1
github.com/ainsleyclark/verbis/api/http/handler/api/user.go:185.8,185.23 1 1
github.com/ainsleyclark/verbis/api/http/handler/api/user.go:185.23,188.3 2 1
github.com/ainsleyclark/verbis/api/http/handler/api/user.go:198.46,202.16 3 1
github.com/ainsleyclark/verbis/api/http/handler/api/user.go:207.2,208.16 2 1
github.com/ainsleyclark/verbis/api/http/handler/api/user.go:213.2,215.49 3 1
github.com/ainsleyclark/verbis/api/http/handler/api/user.go:220.2,221.40 2 1
github.com/ainsleyclark/verbis/api/http/handler/api/user.go:229.2,229.95 1 1
github.com/ainsleyclark/verbis/api/http/handler/api/user.go:202.16,205.3 2 1
github.com/ainsleyclark/verbis/api/http/handler/api/user.go:208.16,211.3 2 1
github.com/ainsleyclark/verbis/api/http/handler/api/user.go:215.49,218.3 2 1
github.com/ainsleyclark/verbis/api/http/handler/api/user.go:221.40,224.3 2 1
github.com/ainsleyclark/verbis/api/http/handler/api/user.go:224.8,224.23 1 1
github.com/ainsleyclark/verbis/api/http/handler/api/user.go:224.23,227.3 2 1
github.com/ainsleyclark/verbis/api/http/handler/api/auth.go:28.66,33.2 1 1
github.com/ainsleyclark/verbis/api/http/handler/api/auth.go:40.38,44.45 3 1
github.com/ainsleyclark/verbis/api/http/handler/api/auth.go:49.2,50.16 2 1
github.com/ainsleyclark/verbis/api/http/handler/api/auth.go:54.2,58.67 3 1
github.com/ainsleyclark/verbis/api/http/handler/api/auth.go:44.45,47.3 2 1
github.com/ainsleyclark/verbis/api/http/handler/api/auth.go:50.16,53.3 2 1
github.com/ainsleyclark/verbis/api/http/handler/api/auth.go:66.39,71.41 4 1
github.com/ainsleyclark/verbis/api/http/handler/api/auth.go:79.2,81.49 2 1
github.com/ainsleyclark/verbis/api/http/handler/api/auth.go:71.41,74.3 2 1
github.com/ainsleyclark/verbis/api/http/handler/api/auth.go:74.8,74.23 1 1
github.com/ainsleyclark/verbis/api/http/handler/api/auth.go:74.23,77.3 2 1
github.com/ainsleyclark/verbis/api/http/handler/api/auth.go:87.44,92.16 4 0
github.com/ainsleyclark/verbis/api/http/handler/api/auth.go:97.2,97.38 1 0
github.com/ainsleyclark/verbis/api/http/handler/api/auth.go:92.16,95.3 2 0
github.com/ainsleyclark/verbis/api/http/handler/api/auth.go:104.46,108.46 3 1
github.com/ainsleyclark/verbis/api/http/handler/api/auth.go:113.2,114.41 2 1
github.com/ainsleyclark/verbis/api/http/handler/api/auth.go:122.2,122.53 1 1
github.com/ainsleyclark/verbis/api/http/handler/api/auth.go:108.46,111.3 2 1
github.com/ainsleyclark/verbis/api/http/handler/api/auth.go:114.41,117.3 2 1
github.com/ainsleyclark/verbis/api/http/handler/api/auth.go:117.8,117.23 1 1
github.com/ainsleyclark/verbis/api/http/handler/api/auth.go:117.23,120.3 2 1
github.com/ainsleyclark/verbis/api/http/handler/api/auth.go:129.52,133.16 3 1
github.com/ainsleyclark/verbis/api/http/handler/api/auth.go:138.2,138.53 1 1
github.com/ainsleyclark/verbis/api/http/handler/api/auth.go:133.16,136.3 2 1
github.com/ainsleyclark/verbis/api/http/handler/api/auth.go:145.50,149.47 3 1
github.com/ainsleyclark/verbis/api/http/handler/api/auth.go:154.2,155.41 2 1
github.com/ainsleyclark/verbis/api/http/handler/api/auth.go:159.2,159.16 1 1
github.com/ainsleyclark/verbis/api/http/handler/api/auth.go:164.2,164.79 1 1
github.com/ainsleyclark/verbis/api/http/handler/api/auth.go:149.47,152.3 2 1
github.com/ainsleyclark/verbis/api/http/handler/api/auth.go:155.41,158.3 2 1
github.com/ainsleyclark/verbis/api/http/handler/api/auth.go:159.16,162.3 2 1
github.com/ainsleyclark/verbis/api/http/handler/api/categories.go:29.78,34.2 1 1
github.com/ainsleyclark/verbis/api/http/handler/api/categories.go:41.42,46.41 4 1
github.com/ainsleyclark/verbis/api/http/handler/api/categories.go:57.2,59.77 2 1
github.com/ainsleyclark/verbis/api/http/handler/api/categories.go:46.41,49.3 2 1
github.com/ainsleyclark/verbis/api/http/handler/api/categories.go:49.8,49.86 1 1
github.com/ainsleyclark/verbis/api/http/handler/api/categories.go:49.86,52.3 2 1
github.com/ainsleyclark/verbis/api/http/handler/api/categories.go:52.8,52.23 1 1
github.com/ainsleyclark/verbis/api/http/handler/api/categories.go:52.23,55.3 2 1
github.com/ainsleyclark/verbis/api/http/handler/api/categories.go:67.46,71.16 3 1
github.com/ainsleyclark/verbis/api/http/handler/api/categories.go:76.2,77.41 2 1
github.com/ainsleyclark/verbis/api/http/handler/api/categories.go:85.2,85.88 1 1
github.com/ainsleyclark/verbis/api/http/handler/api/categories.go:71.16,74.3 2 1
github.com/ainsleyclark/verbis/api/http/handler/api/categories.go:77.41,80.3 2 1
github.com/ainsleyclark/verbis/api/http/handler/api/categories.go:80.8,80.23 1 1
github.com/ainsleyclark/verbis/api/http/handler/api/categories.go:80.23,83.3 2 1
github.com/ainsleyclark/verbis/api/http/handler/api/categories.go:93.45,97.52 3 1
github.com/ainsleyclark/verbis/api/http/handler/api/categories.go:102.2,103.79 2 1
github.com/ainsleyclark/verbis/api/http/handler/api/categories.go:111.2,111.99 1 1
github.com/ainsleyclark/verbis/api/http/handler/api/categories.go:97.52,100.3 2 1
github.com/ainsleyclark/verbis/api/http/handler/api/categories.go:103.79,106.3 2 1
github.com/ainsleyclark/verbis/api/http/handler/api/categories.go:106.8,106.23 1 1
github.com/ainsleyclark/verbis/api/http/handler/api/categories.go:106.23,109.3 2 1
github.com/ainsleyclark/verbis/api/http/handler/api/categories.go:119.45,123.52 3 1
github.com/ainsleyclark/verbis/api/http/handler/api/categories.go:128.2,129.16 2 1
github.com/ainsleyclark/verbis/api/http/handler/api/categories.go:133.2,136.41 3 1
github.com/ainsleyclark/verbis/api/http/handler/api/categories.go:144.2,144.103 1 1
github.com/ainsleyclark/verbis/api/http/handler/api/categories.go:123.52,126.3 2 1
github.com/ainsleyclark/verbis/api/http/handler/api/categories.go:129.16,132.3 2 1
github.com/ainsleyclark/verbis/api/http/handler/api/categories.go:136.41,139.3 2 1
github.com/ainsleyclark/verbis/api/http/handler/api/categories.go:139.8,139.23 1 1
github.com/ainsleyclark/verbis/api/http/handler/api/categories.go:139.23,142.3 2 1
github.com/ainsleyclark/verbis/api/http/handler/api/categories.go:152.45,156.16 3 1
github.com/ainsleyclark/verbis/api/http/handler/api/categories.go:161.2,162.80 2 1
github.com/ainsleyclark/verbis/api/http/handler/api/categories.go:170.2,170.82 1 1
github.com/ainsleyclark/verbis/api/http/handler/api/categories.go:156.16,159.3 2 1
github.com/ainsleyclark/verbis/api/http/handler/api/categories.go:162.80,165.3 2 1
github.com/ainsleyclark/verbis/api/http/handler/api/categories.go:165.8,165.23 1 1
github.com/ainsleyclark/verbis/api/http/handler/api/categories.go:165.23,168.3 2 1
github.com/ainsleyclark/verbis/api/http/handler/api/posts.go:29.68,34.2 1 1
github.com/ainsleyclark/verbis/api/http/handler/api/posts.go:42.37,47.41 4 1
github.com/ainsleyclark/verbis/api/http/handler/api/posts.go:58.2,59.16 2 1
github.com/ainsleyclark/verbis/api/http/handler/api/posts.go:64.2,66.70 2 1
github.com/ainsleyclark/verbis/api/http/handler/api/posts.go:47.41,50.3 2 1
github.com/ainsleyclark/verbis/api/http/handler/api/posts.go:50.8,50.86 1 1
github.com/ainsleyclark/verbis/api/http/handler/api/posts.go:50.86,53.3 2 1
github.com/ainsleyclark/verbis/api/http/handler/api/posts.go:53.8,53.23 1 1
github.com/ainsleyclark/verbis/api/http/handler/api/posts.go:53.23,56.3 2 1
github.com/ainsleyclark/verbis/api/http/handler/api/posts.go:59.16,62.3 2 1
github.com/ainsleyclark/verbis/api/http/handler/api/posts.go:74.41,79.16 4 1
github.com/ainsleyclark/verbis/api/http/handler/api/posts.go:84.2,85.41 2 1
github.com/ainsleyclark/verbis/api/http/handler/api/posts.go:93.2,94.16 2 1
github.com/ainsleyclark/verbis/api/http/handler/api/posts.go:99.2,99.77 1 1
github.com/ainsleyclark/verbis/api/http/handler/api/posts.go:79.16,82.3 2 1
github.com/ainsleyclark/verbis/api/http/handler/api/posts.go:85.41,88.3 2 1
github.com/ainsleyclark/verbis/api/http/handler/api/posts.go:88.8,88.23 1 1
github.com/ainsleyclark/verbis/api/http/handler/api/posts.go:88.23,91.3 2 1
github.com/ainsleyclark/verbis/api/http/handler/api/posts.go:94.16,97.3 2 1
github.com/ainsleyclark/verbis/api/http/handler/api/posts.go:107.40,111.48 3 1
github.com/ainsleyclark/verbis/api/http/handler/api/posts.go:116.2,117.79 2 1
github.com/ainsleyclark/verbis/api/http/handler/api/posts.go:125.2,126.16 2 1
github.com/ainsleyclark/verbis/api/http/handler/api/posts.go:131.2,131.93 1 1
github.com/ainsleyclark/verbis/api/http/handler/api/posts.go:111.48,114.3 2 1
github.com/ainsleyclark/verbis/api/http/handler/api/posts.go:117.79,120.3 2 1
github.com/ainsleyclark/verbis/api/http/handler/api/posts.go:120.8,120.23 1 1
github.com/ainsleyclark/verbis/api/http/handler/api/posts.go:120.23,123.3 2 1
github.com/ainsleyclark/verbis/api/http/handler/api/posts.go:126.16,129.3 2 1
github.com/ainsleyclark/verbis/api/http/handler/api/posts.go:139.40,143.48 3 1
github.com/ainsleyclark/verbis/api/http/handler/api/posts.go:148.2,149.16 2 1
github.com/ainsleyclark/verbis/api/http/handler/api/posts.go:153.2,156.80 3 1
github.com/ainsleyclark/verbis/api/http/handler/api/posts.go:164.2,165.16 2 1
github.com/ainsleyclark/verbis/api/http/handler/api/posts.go:170.2,170.97 1 1
github.com/ainsleyclark/verbis/api/http/handler/api/posts.go:143.48,146.3 2 1
github.com/ainsleyclark/verbis/api/http/handler/api/posts.go:149.16,152.3 2 1
github.com/ainsleyclark/verbis/api/http/handler/api/posts.go:156.80,159.3 2 1
github.com/ainsleyclark/verbis/api/http/handler/api/posts.go:159.8,159.23 1 1
github.com/ainsleyclark/verbis/api/http/handler/api/posts.go:159.23,162.3 2 1
github.com/ainsleyclark/verbis/api/http/handler/api/posts.go:165.16,168.3 2 1
github.com/ainsleyclark/verbis/api/http/handler/api/posts.go:178.40,182.16 3 1
github.com/ainsleyclark/verbis/api/http/handler/api/posts.go:187.2,188.80 2 1
github.com/ainsleyclark/verbis/api/http/handler/api/posts.go:196.2,196.78 1 1
github.com/ainsleyclark/verbis/api/http/handler/api/posts.go:182.16,185.3 2 1
github.com/ainsleyclark/verbis/api/http/handler/api/posts.go:188.80,191.3 2 1
github.com/ainsleyclark/verbis/api/http/handler/api/posts.go:191.8,191.23 1 1
github.com/ainsleyclark/verbis/api/http/handler/api/posts.go:191.23,194.3 2 1
github.com/ainsleyclark/verbis/api/http/handler/api/respond.go:35.108,38.55 1 1
github.com/ainsleyclark/verbis/api/http/handler/api/respond.go:42.2,46.19 3 1
github.com/ainsleyclark/verbis/api/http/handler/api/respond.go:51.2,52.26 2 1
github.com/ainsleyclark/verbis/api/http/handler/api/respond.go:61.2,76.8 5 1
github.com/ainsleyclark/verbis/api/http/handler/api/respond.go:38.55,40.3 1 1
github.com/ainsleyclark/verbis/api/http/handler/api/respond.go:46.19,48.3 1 1
github.com/ainsleyclark/verbis/api/http/handler/api/respond.go:52.26,54.3 1 1
github.com/ainsleyclark/verbis/api/http/handler/api/respond.go:54.8,54.33 1 1
github.com/ainsleyclark/verbis/api/http/handler/api/respond.go:54.33,56.3 1 0
github.com/ainsleyclark/verbis/api/http/handler/api/respond.go:56.8,58.3 1 1
github.com/ainsleyclark/verbis/api/http/handler/api/respond.go:80.78,83.55 1 0
github.com/ainsleyclark/verbis/api/http/handler/api/respond.go:88.2,89.19 2 0
github.com/ainsleyclark/verbis/api/http/handler/api/respond.go:94.2,103.40 2 0
github.com/ainsleyclark/verbis/api/http/handler/api/respond.go:83.55,85.3 1 0
github.com/ainsleyclark/verbis/api/http/handler/api/respond.go:89.19,91.3 1 0
github.com/ainsleyclark/verbis/api/http/handler/api/respond.go:107.31,109.2 1 0
github.com/ainsleyclark/verbis/api/http/handler/api/respond.go:114.78,116.17 1 1
github.com/ainsleyclark/verbis/api/http/handler/api/respond.go:121.2,124.33 2 1
github.com/ainsleyclark/verbis/api/http/handler/api/respond.go:147.2,147.53 1 1
github.com/ainsleyclark/verbis/api/http/handler/api/respond.go:158.2,158.44 1 1
github.com/ainsleyclark/verbis/api/http/handler/api/respond.go:170.2,170.23 1 1
github.com/ainsleyclark/verbis/api/http/handler/api/respond.go:116.17,118.3 1 1
github.com/ainsleyclark/verbis/api/http/handler/api/respond.go:124.33,128.25 3 1
github.com/ainsleyclark/verbis/api/http/handler/api/respond.go:143.3,143.23 1 1
github.com/ainsleyclark/verbis/api/http/handler/api/respond.go:128.25,131.81 2 1
github.com/ainsleyclark/verbis/api/http/handler/api/respond.go:131.81,138.5 4 1
github.com/ainsleyclark/verbis/api/http/handler/api/respond.go:138.10,140.5 1 1
github.com/ainsleyclark/verbis/api/http/handler/api/respond.go:147.53,150.20 3 1
github.com/ainsleyclark/verbis/api/http/handler/api/respond.go:150.20,152.4 1 0
github.com/ainsleyclark/verbis/api/http/handler/api/respond.go:158.44,168.3 3 0
github.com/ainsleyclark/verbis/api/http/handler/api/respond.go:175.48,178.48 2 1
github.com/ainsleyclark/verbis/api/http/handler/api/respond.go:181.2,187.3 2 1
github.com/ainsleyclark/verbis/api/http/handler/api/respond.go:178.48,180.3 1 1
github.com/ainsleyclark/verbis/api/http/handler/api/site.go:25.66,30.2 1 1
github.com/ainsleyclark/verbis/api/http/handler/api/site.go:35.40,37.2 1 1
github.com/ainsleyclark/verbis/api/http/handler/api/site.go:43.41,47.16 3 1
github.com/ainsleyclark/verbis/api/http/handler/api/site.go:52.2,52.62 1 1
github.com/ainsleyclark/verbis/api/http/handler/api/site.go:47.16,50.3 2 1
github.com/ainsleyclark/verbis/api/http/handler/api/site.go:59.45,63.41 3 1
github.com/ainsleyclark/verbis/api/http/handler/api/site.go:71.2,71.63 1 1
github.com/ainsleyclark/verbis/api/http/handler/api/site.go:63.41,66.3 2 1
github.com/ainsleyclark/verbis/api/http/handler/api/site.go:66.8,66.23 1 1
github.com/ainsleyclark/verbis/api/http/handler/api/site.go:66.23,69.3 2 1
github.com/ainsleyclark/verbis/api/http/handler/api/site.go:78.43,82.41 3 1
github.com/ainsleyclark/verbis/api/http/handler/api/site.go:90.2,90.61 1 1
github.com/ainsleyclark/verbis/api/http/handler/api/site.go:82.41,85.3 2 1
github.com/ainsleyclark/verbis/api/http/handler/api/site.go:85.8,85.23 1 1
github.com/ainsleyclark/verbis/api/http/handler/api/site.go:85.23,88.3 2 1
github.com/ainsleyclark/verbis/api/http/handler/frontend/public.go:26.70,35.2 2 1
github.com/ainsleyclark/verbis/api/http/handler/frontend/public.go:38.45,42.16 3 1
github.com/ainsleyclark/verbis/api/http/handler/frontend/public.go:47.2,47.31 1 1
github.com/ainsleyclark/verbis/api/http/handler/frontend/public.go:42.16,45.3 2 1
github.com/ainsleyclark/verbis/api/http/handler/frontend/public.go:51.44,55.16 3 1
github.com/ainsleyclark/verbis/api/http/handler/frontend/public.go:60.2,60.31 1 1
github.com/ainsleyclark/verbis/api/http/handler/frontend/public.go:55.16,58.3 2 1
github.com/ainsleyclark/verbis/api/http/handler/frontend/public.go:64.40,68.16 3 1
github.com/ainsleyclark/verbis/api/http/handler/frontend/public.go:73.2,73.32 1 1
github.com/ainsleyclark/verbis/api/http/handler/frontend/public.go:68.16,71.3 2 1
github.com/ainsleyclark/verbis/api/http/handler/frontend/seo.go:29.64,37.2 1 1
github.com/ainsleyclark/verbis/api/http/handler/frontend/seo.go:44.38,47.31 2 1
github.com/ainsleyclark/verbis/api/http/handler/frontend/seo.go:52.2,52.56 1 1
github.com/ainsleyclark/verbis/api/http/handler/frontend/seo.go:47.31,50.3 2 1
github.com/ainsleyclark/verbis/api/http/handler/frontend/seo.go:61.44,65.16 3 1
github.com/ainsleyclark/verbis/api/http/handler/frontend/seo.go:69.2,69.56 1 1
github.com/ainsleyclark/verbis/api/http/handler/frontend/seo.go:65.16,67.3 1 1
github.com/ainsleyclark/verbis/api/http/handler/frontend/seo.go:78.47,82.16 3 1
github.com/ainsleyclark/verbis/api/http/handler/frontend/seo.go:86.2,86.56 1 1
github.com/ainsleyclark/verbis/api/http/handler/frontend/seo.go:82.16,84.3 1 1
github.com/ainsleyclark/verbis/api/http/handler/frontend/seo.go:93.54,97.16 3 1
github.com/ainsleyclark/verbis/api/http/handler/frontend/seo.go:101.2,101.56 1 1
github.com/ainsleyclark/verbis/api/http/handler/frontend/seo.go:97.16,99.3 1 1
github.com/ainsleyclark/verbis/api/render/page.go:17.55,21.15 3 0
github.com/ainsleyclark/verbis/api/render/page.go:25.2,28.16 3 0
github.com/ainsleyclark/verbis/api/render/page.go:33.2,34.33 2 0
github.com/ainsleyclark/verbis/api/render/page.go:43.2,44.46 2 0
github.com/ainsleyclark/verbis/api/render/page.go:48.2,49.36 2 0
github.com/ainsleyclark/verbis/api/render/page.go:53.2,54.30 2 0
github.com/ainsleyclark/verbis/api/render/page.go:60.2,71.16 4 0
github.com/ainsleyclark/verbis/api/render/page.go:77.2,78.62 2 0
github.com/ainsleyclark/verbis/api/render/page.go:82.2,83.35 2 0
github.com/ainsleyclark/verbis/api/render/page.go:87.2,87.12 1 0
github.com/ainsleyclark/verbis/api/render/page.go:93.2,93.22 1 0
github.com/ainsleyclark/verbis/api/render/page.go:21.15,23.3 1 0
github.com/ainsleyclark/verbis/api/render/page.go:28.16,30.3 1 0
github.com/ainsleyclark/verbis/api/render/page.go:34.33,38.42 3 0
github.com/ainsleyclark/verbis/api/render/page.go:38.42,40.4 1 0
github.com/ainsleyclark/verbis/api/render/page.go:44.46,46.3 1 0
github.com/ainsleyclark/verbis/api/render/page.go:49.36,51.3 1 0
github.com/ainsleyclark/verbis/api/render/page.go:54.30,56.3 1 0
github.com/ainsleyclark/verbis/api/render/page.go:56.8,58.3 1 0
github.com/ainsleyclark/verbis/api/render/page.go:71.16,75.3 1 0
github.com/ainsleyclark/verbis/api/render/page.go:78.62,79.13 1 0
github.com/ainsleyclark/verbis/api/render/page.go:83.35,85.3 1 0
github.com/ainsleyclark/verbis/api/render/page.go:87.12,88.52 1 0
github.com/ainsleyclark/verbis/api/render/page.go:88.52,90.4 1 0
github.com/ainsleyclark/verbis/api/render/uploads.go:11.67,17.15 4 0
github.com/ainsleyclark/verbis/api/render/uploads.go:22.2,24.34 3 0
github.com/ainsleyclark/verbis/api/render/uploads.go:32.2,36.16 3 0
github.com/ainsleyclark/verbis/api/render/uploads.go:41.2,41.15 1 0
github.com/ainsleyclark/verbis/api/render/uploads.go:51.2,52.39 2 0
github.com/ainsleyclark/verbis/api/render/uploads.go:56.2,56.30 1 0
github.com/ainsleyclark/verbis/api/render/uploads.go:17.15,19.3 1 0
github.com/ainsleyclark/verbis/api/render/uploads.go:24.34,26.45 2 0
github.com/ainsleyclark/verbis/api/render/uploads.go:26.45,28.4 1 0
github.com/ainsleyclark/verbis/api/render/uploads.go:36.16,38.3 1 0
github.com/ainsleyclark/verbis/api/render/uploads.go:41.15,42.13 1 0
github.com/ainsleyclark/verbis/api/render/uploads.go:42.13,43.57 1 0
github.com/ainsleyclark/verbis/api/render/uploads.go:43.57,46.5 2 0
github.com/ainsleyclark/verbis/api/render/uploads.go:52.39,54.3 1 0
github.com/ainsleyclark/verbis/api/render/util.go:7.64,9.33 1 0
github.com/ainsleyclark/verbis/api/render/util.go:13.2,16.28 3 0
github.com/ainsleyclark/verbis/api/render/util.go:22.2,22.17 1 0
github.com/ainsleyclark/verbis/api/render/util.go:9.33,11.3 1 0
github.com/ainsleyclark/verbis/api/render/util.go:16.28,20.3 3 0
github.com/ainsleyclark/verbis/api/render/headers.go:25.44,29.2 1 1
github.com/ainsleyclark/verbis/api/render/headers.go:36.41,40.30 2 1
github.com/ainsleyclark/verbis/api/render/headers.go:44.2,47.37 2 1
github.com/ainsleyclark/verbis/api/render/headers.go:52.2,57.70 4 1
github.com/ainsleyclark/verbis/api/render/headers.go:62.2,66.32 3 1
github.com/ainsleyclark/verbis/api/render/headers.go:40.30,42.3 1 1
github.com/ainsleyclark/verbis/api/render/headers.go:47.37,49.3 1 0
github.com/ainsleyclark/verbis/api/render/headers.go:57.70,59.3 1 1
github.com/ainsleyclark/verbis/api/render/headers.go:66.32,67.39 1 1
github.com/ainsleyclark/verbis/api/render/headers.go:67.39,68.26 1 1
github.com/ainsleyclark/verbis/api/render/headers.go:68.26,70.81 2 1
github.com/ainsleyclark/verbis/api/render/headers.go:75.5,75.37 1 1
github.com/ainsleyclark/verbis/api/render/headers.go:70.81,72.6 1 1
github.com/ainsleyclark/verbis/api/render/headers.go:72.11,74.6 1 1
github.com/ainsleyclark/verbis/api/render/errors.go:16.72,26.66 2 0
github.com/ainsleyclark/verbis/api/render/errors.go:29.2,29.8 1 0
github.com/ainsleyclark/verbis/api/render/errors.go:26.66,27.13 1 0
github.com/ainsleyclark/verbis/api/render/minify.go:33.42,47.2 8 0
github.com/ainsleyclark/verbis/api/render/minify.go:51.66,54.16 3 0
github.com/ainsleyclark/verbis/api/render/minify.go:57.2,57.30 1 0
github.com/ainsleyclark/verbis/api/render/minify.go:54.16,56.3 1 0
github.com/ainsleyclark/verbis/api/render/minify.go:63.76,65.2 1 0
github.com/ainsleyclark/verbis/api/render/minify.go:70.72,78.14 3 0
github.com/ainsleyclark/verbis/api/render/minify.go:129.2,129.20 1 0
github.com/ainsleyclark/verbis/api/render/minify.go:79.19,80.3 1 0
github.com/ainsleyclark/verbis/api/render/minify.go:87.18,88.3 1 0
github.com/ainsleyclark/verbis/api/render/minify.go:95.32,96.3 1 0
github.com/ainsleyclark/verbis/api/render/minify.go:103.23,104.3 1 0
github.com/ainsleyclark/verbis/api/render/minify.go:111.26,112.3 1 0
github.com/ainsleyclark/verbis/api/render/minify.go:119.18,120.3 1 0
github.com/ainsleyclark/verbis/api/render/minify.go:80.3,82.18 2 0
github.com/ainsleyclark/verbis/api/render/minify.go:85.4,85.9 1 0
github.com/ainsleyclark/verbis/api/render/minify.go:82.18,84.5 1 0
github.com/ainsleyclark/verbis/api/render/minify.go:88.3,90.18 2 0
github.com/ainsleyclark/verbis/api/render/minify.go:93.4,93.22 1 0
github.com/ainsleyclark/verbis/api/render/minify.go:90.18,92.5 1 0
github.com/ainsleyclark/verbis/api/render/minify.go:96.3,98.18 2 0
github.com/ainsleyclark/verbis/api/render/minify.go:101.4,101.9 1 0
github.com/ainsleyclark/verbis/api/render/minify.go:98.18,100.5 1 0
github.com/ainsleyclark/verbis/api/render/minify.go:104.3,106.18 2 0
github.com/ainsleyclark/verbis/api/render/minify.go:109.4,109.9 1 0
github.com/ainsleyclark/verbis/api/render/minify.go:106.18,108.5 1 0
github.com/ainsleyclark/verbis/api/render/minify.go:112.3,114.18 2 0
github.com/ainsleyclark/verbis/api/render/minify.go:117.4,117.9 1 0
github.com/ainsleyclark/verbis/api/render/minify.go:114.18,116.5 1 0
github.com/ainsleyclark/verbis/api/render/minify.go:120.3,122.18 2 0
github.com/ainsleyclark/verbis/api/render/minify.go:125.4,125.9 1 0
github.com/ainsleyclark/verbis/api/render/minify.go:122.18,124.5 1 0
github.com/ainsleyclark/verbis/api/render/minify.go:136.86,144.11 3 0
github.com/ainsleyclark/verbis/api/render/minify.go:153.2,153.20 1 0
github.com/ainsleyclark/verbis/api/render/minify.go:144.11,146.17 2 0
github.com/ainsleyclark/verbis/api/render/minify.go:146.17,148.4 1 0
github.com/ainsleyclark/verbis/api/render/minify.go:149.8,151.3 1 0
github.com/ainsleyclark/verbis/api/render/renderer.go:30.70,36.16 4 0
github.com/ainsleyclark/verbis/api/render/renderer.go:42.2,49.3 1 0
github.com/ainsleyclark/verbis/api/render/renderer.go:36.16,40.3 1 0
github.com/ainsleyclark/verbis/api/render/sitemap.go:81.43,85.16 3 0
github.com/ainsleyclark/verbis/api/render/sitemap.go:98.2,107.10 2 0
github.com/ainsleyclark/verbis/api/render/sitemap.go:85.16,89.3 1 0
github.com/ainsleyclark/verbis/api/render/sitemap.go:115.46,118.32 2 0
github.com/ainsleyclark/verbis/api/render/sitemap.go:122.2,122.63 1 0
github.com/ainsleyclark/verbis/api/render/sitemap.go:126.2,127.32 2 0
github.com/ainsleyclark/verbis/api/render/sitemap.go:139.2,139.22 1 0
github.com/ainsleyclark/verbis/api/render/sitemap.go:146.2,147.16 2 0
github.com/ainsleyclark/verbis/api/render/sitemap.go:151.2,153.21 2 0
github.com/ainsleyclark/verbis/api/render/sitemap.go:118.32,120.3 1 0
github.com/ainsleyclark/verbis/api/render/sitemap.go:122.63,124.3 1 0
github.com/ainsleyclark/verbis/api/render/sitemap.go:127.32,129.36 2 0
github.com/ainsleyclark/verbis/api/render/sitemap.go:133.3,136.5 1 0
github.com/ainsleyclark/verbis/api/render/sitemap.go:129.36,130.12 1 0
github.com/ainsleyclark/verbis/api/render/sitemap.go:139.22,144.3 1 0
github.com/ainsleyclark/verbis/api/render/sitemap.go:147.16,149.3 1 0
github.com/ainsleyclark/verbis/api/render/sitemap.go:160.54,164.12 3 0
github.com/ainsleyclark/verbis/api/render/sitemap.go:168.2,168.56 1 0
github.com/ainsleyclark/verbis/api/render/sitemap.go:172.2,174.16 3 0
github.com/ainsleyclark/verbis/api/render/sitemap.go:178.2,180.18 2 0
github.com/ainsleyclark/verbis/api/render/sitemap.go:164.12,166.3 1 0
github.com/ainsleyclark/verbis/api/render/sitemap.go:168.56,170.3 1 0
github.com/ainsleyclark/verbis/api/render/sitemap.go:174.16,176.3 1 0
github.com/ainsleyclark/verbis/api/render/sitemap.go:190.61,193.32 2 0
github.com/ainsleyclark/verbis/api/render/sitemap.go:197.2,197.53 1 0
github.com/ainsleyclark/verbis/api/render/sitemap.go:201.2,206.29 5 0
github.com/ainsleyclark/verbis/api/render/sitemap.go:226.2,227.16 2 0
github.com/ainsleyclark/verbis/api/render/sitemap.go:231.2,231.21 1 0
github.com/ainsleyclark/verbis/api/render/sitemap.go:193.32,195.3 1 0
github.com/ainsleyclark/verbis/api/render/sitemap.go:197.53,199.3 1 0
github.com/ainsleyclark/verbis/api/render/sitemap.go:206.29,208.3 1 0
github.com/ainsleyclark/verbis/api/render/sitemap.go:208.8,210.17 2 0
github.com/ainsleyclark/verbis/api/render/sitemap.go:214.3,214.22 1 0
github.com/ainsleyclark/verbis/api/render/sitemap.go:218.3,218.27 1 0
github.com/ainsleyclark/verbis/api/render/sitemap.go:210.17,212.4 1 0
github.com/ainsleyclark/verbis/api/render/sitemap.go:214.22,216.4 1 0
github.com/ainsleyclark/verbis/api/render/sitemap.go:218.27,223.4 1 0
github.com/ainsleyclark/verbis/api/render/sitemap.go:227.16,229.3 1 0
github.com/ainsleyclark/verbis/api/render/sitemap.go:238.32,240.32 2 0
github.com/ainsleyclark/verbis/api/render/sitemap.go:240.32,242.3 1 0
github.com/ainsleyclark/verbis/api/render/sitemap.go:248.70,259.16 3 0
github.com/ainsleyclark/verbis/api/render/sitemap.go:263.2,264.26 2 0
github.com/ainsleyclark/verbis/api/render/sitemap.go:285.2,285.19 1 0
github.com/ainsleyclark/verbis/api/render/sitemap.go:259.16,261.3 1 0
github.com/ainsleyclark/verbis/api/render/sitemap.go:264.26,266.24 2 0
github.com/ainsleyclark/verbis/api/render/sitemap.go:272.3,273.27 2 0
github.com/ainsleyclark/verbis/api/render/sitemap.go:277.3,277.108 1 0
github.com/ainsleyclark/verbis/api/render/sitemap.go:266.24,268.4 1 0
github.com/ainsleyclark/verbis/api/render/sitemap.go:268.9,270.4 1 0
github.com/ainsleyclark/verbis/api/render/sitemap.go:273.27,275.4 1 0
github.com/ainsleyclark/verbis/api/render/sitemap.go:277.108,282.4 1 0
github.com/ainsleyclark/verbis/api/render/sitemap.go:293.45,295.35 2 0
github.com/ainsleyclark/verbis/api/render/sitemap.go:303.2,303.13 1 0
github.com/ainsleyclark/verbis/api/render/sitemap.go:295.35,296.44 1 0
github.com/ainsleyclark/verbis/api/render/sitemap.go:296.44,301.4 1 0
github.com/ainsleyclark/verbis/api/render/sitemap.go:309.39,311.2 1 0
github.com/ainsleyclark/verbis/api/render/sitemap.go:318.59,322.32 3 0
github.com/ainsleyclark/verbis/api/render/sitemap.go:328.2,328.49 1 0
github.com/ainsleyclark/verbis/api/render/sitemap.go:332.2,332.12 1 0
github.com/ainsleyclark/verbis/api/render/sitemap.go:336.2,336.12 1 0
github.com/ainsleyclark/verbis/api/render/sitemap.go:322.32,323.25 1 0
github.com/ainsleyclark/verbis/api/render/sitemap.go:323.25,325.4 1 0
github.com/ainsleyclark/verbis/api/render/sitemap.go:328.49,330.3 1 0
github.com/ainsleyclark/verbis/api/render/sitemap.go:332.12,334.3 1 0
github.com/ainsleyclark/verbis/api/render/sitemap.go:341.45,344.16 3 0
github.com/ainsleyclark/verbis/api/render/sitemap.go:347.2,347.18 1 0
github.com/ainsleyclark/verbis/api/render/sitemap.go:344.16,346.3 1 0
github.com/ainsleyclark/verbis/api/render/sitemap.go:355.75,359.16 3 0
github.com/ainsleyclark/verbis/api/render/sitemap.go:363.2,366.11 3 0
github.com/ainsleyclark/verbis/api/render/sitemap.go:372.2,376.23 4 0
github.com/ainsleyclark/verbis/api/render/sitemap.go:359.16,361.3 1 0
github.com/ainsleyclark/verbis/api/render/sitemap.go:366.11,368.3 1 0
github.com/ainsleyclark/verbis/api/render/sitemap.go:368.8,370.3 1 0
github.com/ainsleyclark/verbis/api/render/sitemap.go:382.52,384.11 2 0
github.com/ainsleyclark/verbis/api/render/sitemap.go:388.2,388.12 1 0
github.com/ainsleyclark/verbis/api/render/sitemap.go:384.11,387.3 2 0
github.com/ainsleyclark/verbis/api/render/assets.go:26.66,34.33 5 0
github.com/ainsleyclark/verbis/api/render/assets.go:42.2,47.16 5 0
github.com/ainsleyclark/verbis/api/render/assets.go:52.2,52.15 1 0
github.com/ainsleyclark/verbis/api/render/assets.go:62.2,66.49 2 0
github.com/ainsleyclark/verbis/api/render/assets.go:75.2,76.39 2 0
github.com/ainsleyclark/verbis/api/render/assets.go:80.2,80.30 1 0
github.com/ainsleyclark/verbis/api/render/assets.go:34.33,36.45 2 0
github.com/ainsleyclark/verbis/api/render/assets.go:36.45,38.4 1 0
github.com/ainsleyclark/verbis/api/render/assets.go:47.16,49.3 1 0
github.com/ainsleyclark/verbis/api/render/assets.go:52.15,53.13 1 0
github.com/ainsleyclark/verbis/api/render/assets.go:53.13,54.56 1 0
github.com/ainsleyclark/verbis/api/render/assets.go:54.56,57.5 2 0
github.com/ainsleyclark/verbis/api/render/assets.go:66.49,68.22 2 0
github.com/ainsleyclark/verbis/api/render/assets.go:68.22,71.4 2 0
github.com/ainsleyclark/verbis/api/render/assets.go:76.39,78.3 1 0
github.com/ainsleyclark/verbis/api/server/recovery.go:53.47,58.15 3 0
github.com/ainsleyclark/verbis/api/server/recovery.go:64.2,88.16 8 0
github.com/ainsleyclark/verbis/api/server/recovery.go:91.2,106.17 2 0
github.com/ainsleyclark/verbis/api/server/recovery.go:58.15,62.3 1 0
github.com/ainsleyclark/verbis/api/server/recovery.go:88.16,90.3 1 0
github.com/ainsleyclark/verbis/api/server/recovery.go:106.17,108.3 1 0
github.com/ainsleyclark/verbis/api/server/recovery.go:112.59,117.32 4 0
github.com/ainsleyclark/verbis/api/server/recovery.go:155.2,155.17 1 0
github.com/ainsleyclark/verbis/api/server/recovery.go:117.32,119.10 2 0
github.com/ainsleyclark/verbis/api/server/recovery.go:122.3,127.20 5 0
github.com/ainsleyclark/verbis/api/server/recovery.go:119.10,121.4 1 0
github.com/ainsleyclark/verbis/api/server/recovery.go:129.8,131.10 2 0
github.com/ainsleyclark/verbis/api/server/recovery.go:134.3,134.48 1 0
github.com/ainsleyclark/verbis/api/server/recovery.go:152.3,152.19 1 0
github.com/ainsleyclark/verbis/api/server/recovery.go:131.10,133.4 1 0
github.com/ainsleyclark/verbis/api/server/recovery.go:134.48,135.46 1 0
github.com/ainsleyclark/verbis/api/server/recovery.go:138.4,144.28 2 0
github.com/ainsleyclark/verbis/api/server/recovery.go:135.46,136.15 1 0
github.com/ainsleyclark/verbis/api/server/recovery.go:145.9,151.4 1 0
github.com/ainsleyclark/verbis/api/server/recovery.go:159.39,163.34 3 0
github.com/ainsleyclark/verbis/api/server/recovery.go:174.2,174.14 1 0
github.com/ainsleyclark/verbis/api/server/recovery.go:163.34,165.9 2 0
github.com/ainsleyclark/verbis/api/server/recovery.go:165.9,171.4 1 0
github.com/ainsleyclark/verbis/api/server/recovery.go:179.54,183.36 3 0
github.com/ainsleyclark/verbis/api/server/recovery.go:193.2,193.26 1 0
github.com/ainsleyclark/verbis/api/server/recovery.go:183.36,185.68 2 0
github.com/ainsleyclark/verbis/api/server/recovery.go:185.68,188.4 2 0
github.com/ainsleyclark/verbis/api/server/recovery.go:188.9,190.4 1 0
github.com/ainsleyclark/verbis/api/server/recovery.go:200.52,210.22 5 0
github.com/ainsleyclark/verbis/api/server/recovery.go:219.2,223.12 4 0
github.com/ainsleyclark/verbis/api/server/recovery.go:210.22,212.17 2 0
github.com/ainsleyclark/verbis/api/server/recovery.go:215.3,216.70 2 0
github.com/ainsleyclark/verbis/api/server/recovery.go:212.17,214.4 1 0
github.com/ainsleyclark/verbis/api/server/recovery.go:228.78,233.29 4 0
github.com/ainsleyclark/verbis/api/server/recovery.go:243.2,243.18 1 0
github.com/ainsleyclark/verbis/api/server/recovery.go:233.29,234.43 1 0
github.com/ainsleyclark/verbis/api/server/recovery.go:240.3,240.12 1 0
github.com/ainsleyclark/verbis/api/server/recovery.go:234.43,239.4 1 0
github.com/ainsleyclark/verbis/api/server/server.go:21.46,48.2 9 0
github.com/ainsleyclark/verbis/api/server/server.go:50.20,51.58 1 0
github.com/ainsleyclark/verbis/api/server/server.go:51.58,54.3 2 0
github.com/ainsleyclark/verbis/api/server/server.go:54.8,56.3 1 0
github.com/ainsleyclark/verbis/api/server/server.go:61.49,67.16 4 0
github.com/ainsleyclark/verbis/api/server/server.go:71.2,71.12 1 0
github.com/ainsleyclark/verbis/api/server/server.go:67.16,69.3 1 0
github.com/ainsleyclark/verbis/api/server/server.go:76.56,82.19 3 0
github.com/ainsleyclark/verbis/api/server/server.go:87.2,88.33 2 0
github.com/ainsleyclark/verbis/api/server/server.go:103.2,103.27 1 0
github.com/ainsleyclark/verbis/api/server/server.go:115.2,115.31 1 0
github.com/ainsleyclark/verbis/api/server/server.go:82.19,84.3 1 0
github.com/ainsleyclark/verbis/api/server/server.go:89.26,90.3 1 0
github.com/ainsleyclark/verbis/api/server/server.go:94.20,95.3 1 0
github.com/ainsleyclark/verbis/api/server/server.go:90.3,92.9 2 0
github.com/ainsleyclark/verbis/api/server/server.go:95.3,97.9 2 0
github.com/ainsleyclark/verbis/api/server/server.go:103.27,104.46 1 0
github.com/ainsleyclark/verbis/api/server/server.go:104.46,107.4 2 0
github.com/ainsleyclark/verbis/api/server/server.go:108.8,109.41 1 0
github.com/ainsleyclark/verbis/api/server/server.go:109.41,112.4 2 0
github.com/ainsleyclark/verbis/api/helpers/webp/dwebp.go:23.24,30.2 3 1
github.com/ainsleyclark/verbis/api/helpers/webp/dwebp.go:34.47,38.2 3 1
github.com/ainsleyclark/verbis/api/helpers/webp/dwebp.go:42.48,46.2 3 1
github.com/ainsleyclark/verbis/api/helpers/webp/dwebp.go:50.48,54.2 3 1
github.com/ainsleyclark/verbis/api/helpers/webp/dwebp.go:58.49,62.2 3 1
github.com/ainsleyclark/verbis/api/helpers/webp/dwebp.go:65.43,67.2 1 1
github.com/ainsleyclark/verbis/api/helpers/webp/dwebp.go:70.44,75.16 3 1
github.com/ainsleyclark/verbis/api/helpers/webp/dwebp.go:79.2,83.16 3 1
github.com/ainsleyclark/verbis/api/helpers/webp/dwebp.go:87.2,87.21 1 1
github.com/ainsleyclark/verbis/api/helpers/webp/dwebp.go:91.2,93.16 2 1
github.com/ainsleyclark/verbis/api/helpers/webp/dwebp.go:97.2,97.43 1 1
github.com/ainsleyclark/verbis/api/helpers/webp/dwebp.go:101.2,101.17 1 1
github.com/ainsleyclark/verbis/api/helpers/webp/dwebp.go:75.16,77.3 1 0
github.com/ainsleyclark/verbis/api/helpers/webp/dwebp.go:83.16,85.3 1 0
github.com/ainsleyclark/verbis/api/helpers/webp/dwebp.go:87.21,89.3 1 1
github.com/ainsleyclark/verbis/api/helpers/webp/dwebp.go:93.16,95.3 1 0
github.com/ainsleyclark/verbis/api/helpers/webp/dwebp.go:97.43,99.3 1 1
github.com/ainsleyclark/verbis/api/helpers/webp/dwebp.go:104.34,105.20 1 1
github.com/ainsleyclark/verbis/api/helpers/webp/dwebp.go:114.2,114.12 1 1
github.com/ainsleyclark/verbis/api/helpers/webp/dwebp.go:105.20,108.3 2 1
github.com/ainsleyclark/verbis/api/helpers/webp/dwebp.go:108.8,108.30 1 1
github.com/ainsleyclark/verbis/api/helpers/webp/dwebp.go:108.30,110.3 1 1
github.com/ainsleyclark/verbis/api/helpers/webp/dwebp.go:110.8,112.3 1 0
github.com/ainsleyclark/verbis/api/helpers/webp/dwebp.go:117.45,118.24 1 1
github.com/ainsleyclark/verbis/api/helpers/webp/dwebp.go:122.2,122.17 1 1
github.com/ainsleyclark/verbis/api/helpers/webp/dwebp.go:118.24,120.3 1 1
github.com/ainsleyclark/verbis/api/helpers/webp/encoder.go:17.60,24.2 1 1
github.com/ainsleyclark/verbis/api/helpers/webp/encoder.go:27.47,30.2 2 1
github.com/ainsleyclark/verbis/api/helpers/webp/util.go:12.35,15.2 2 0
github.com/ainsleyclark/verbis/api/helpers/webp/util.go:20.63,21.63 1 0
github.com/ainsleyclark/verbis/api/helpers/webp/util.go:28.2,28.12 1 0
github.com/ainsleyclark/verbis/api/helpers/webp/util.go:21.63,23.19 2 0
github.com/ainsleyclark/verbis/api/helpers/webp/util.go:26.3,26.14 1 0
github.com/ainsleyclark/verbis/api/helpers/webp/util.go:23.19,25.4 1 0
github.com/ainsleyclark/verbis/api/helpers/webp/util.go:33.44,42.16 3 0
github.com/ainsleyclark/verbis/api/helpers/webp/util.go:42.16,46.3 1 0
github.com/ainsleyclark/verbis/api/helpers/webp/webpbin.go:20.35,21.29 1 1
github.com/ainsleyclark/verbis/api/helpers/webp/webpbin.go:21.29,23.3 1 0
github.com/ainsleyclark/verbis/api/helpers/webp/webpbin.go:23.8,23.36 1 1
github.com/ainsleyclark/verbis/api/helpers/webp/webpbin.go:23.36,26.76 2 0
github.com/ainsleyclark/verbis/api/helpers/webp/webpbin.go:26.76,28.4 1 0
github.com/ainsleyclark/verbis/api/helpers/webp/webpbin.go:33.21,36.2 2 0
github.com/ainsleyclark/verbis/api/helpers/webp/webpbin.go:39.25,41.2 1 0
github.com/ainsleyclark/verbis/api/helpers/webp/webpbin.go:43.48,48.19 3 1
github.com/ainsleyclark/verbis/api/helpers/webp/webpbin.go:75.2,75.30 1 1
github.com/ainsleyclark/verbis/api/helpers/webp/webpbin.go:48.19,73.3 1 1
github.com/ainsleyclark/verbis/api/helpers/webp/webpbin.go:78.64,86.16 4 1
github.com/ainsleyclark/verbis/api/helpers/webp/webpbin.go:90.2,90.21 1 1
github.com/ainsleyclark/verbis/api/helpers/webp/webpbin.go:86.16,88.3 1 0
github.com/ainsleyclark/verbis/api/helpers/webp/webpbin.go:93.56,97.16 3 1
github.com/ainsleyclark/verbis/api/helpers/webp/webpbin.go:101.2,104.21 4 1
github.com/ainsleyclark/verbis/api/helpers/webp/webpbin.go:97.16,99.3 1 0
github.com/ainsleyclark/verbis/api/helpers/webp/cwebp.go:32.24,40.2 3 1
github.com/ainsleyclark/verbis/api/helpers/webp/cwebp.go:43.43,45.2 1 1
github.com/ainsleyclark/verbis/api/helpers/webp/cwebp.go:49.47,54.2 4 1
github.com/ainsleyclark/verbis/api/helpers/webp/cwebp.go:58.48,63.2 4 1
github.com/ainsleyclark/verbis/api/helpers/webp/cwebp.go:67.52,72.2 4 1
github.com/ainsleyclark/verbis/api/helpers/webp/cwebp.go:76.48,80.2 3 1
github.com/ainsleyclark/verbis/api/helpers/webp/cwebp.go:84.49,88.2 3 1
github.com/ainsleyclark/verbis/api/helpers/webp/cwebp.go:93.46,94.19 1 1
github.com/ainsleyclark/verbis/api/helpers/webp/cwebp.go:98.2,99.10 2 1
github.com/ainsleyclark/verbis/api/helpers/webp/cwebp.go:94.19,96.3 1 0
github.com/ainsleyclark/verbis/api/helpers/webp/cwebp.go:103.54,106.2 2 0
github.com/ainsleyclark/verbis/api/helpers/webp/cwebp.go:109.29,112.20 2 1
github.com/ainsleyclark/verbis/api/helpers/webp/cwebp.go:116.2,116.19 1 1
github.com/ainsleyclark/verbis/api/helpers/webp/cwebp.go:120.2,122.16 2 1
github.com/ainsleyclark/verbis/api/helpers/webp/cwebp.go:126.2,130.16 3 1
github.com/ainsleyclark/verbis/api/helpers/webp/cwebp.go:134.2,134.21 1 1
github.com/ainsleyclark/verbis/api/helpers/webp/cwebp.go:138.2,140.16 2 1
github.com/ainsleyclark/verbis/api/helpers/webp/cwebp.go:144.2,144.12 1 1
github.com/ainsleyclark/verbis/api/helpers/webp/cwebp.go:112.20,114.3 1 1
github.com/ainsleyclark/verbis/api/helpers/webp/cwebp.go:116.19,118.3 1 0
github.com/ainsleyclark/verbis/api/helpers/webp/cwebp.go:122.16,124.3 1 0
github.com/ainsleyclark/verbis/api/helpers/webp/cwebp.go:130.16,132.3 1 0
github.com/ainsleyclark/verbis/api/helpers/webp/cwebp.go:134.21,136.3 1 1
github.com/ainsleyclark/verbis/api/helpers/webp/cwebp.go:140.16,142.3 1 0
github.com/ainsleyclark/verbis/api/helpers/webp/cwebp.go:148.32,152.2 3 0
github.com/ainsleyclark/verbis/api/helpers/webp/cwebp.go:154.34,155.20 1 1
github.com/ainsleyclark/verbis/api/helpers/webp/cwebp.go:173.2,173.12 1 1
github.com/ainsleyclark/verbis/api/helpers/webp/cwebp.go:155.20,158.3 2 1
github.com/ainsleyclark/verbis/api/helpers/webp/cwebp.go:158.8,158.32 1 1
github.com/ainsleyclark/verbis/api/helpers/webp/cwebp.go:158.32,161.17 2 1
github.com/ainsleyclark/verbis/api/helpers/webp/cwebp.go:165.3,166.13 2 1
github.com/ainsleyclark/verbis/api/helpers/webp/cwebp.go:161.17,163.4 1 0
github.com/ainsleyclark/verbis/api/helpers/webp/cwebp.go:167.8,167.30 1 1
github.com/ainsleyclark/verbis/api/helpers/webp/cwebp.go:167.30,169.3 1 1
github.com/ainsleyclark/verbis/api/helpers/webp/cwebp.go:169.8,171.3 1 0
github.com/ainsleyclark/verbis/api/helpers/webp/cwebp.go:176.45,177.21 1 1
github.com/ainsleyclark/verbis/api/helpers/webp/cwebp.go:177.21,179.3 1 1
github.com/ainsleyclark/verbis/api/helpers/webp/cwebp.go:179.8,179.31 1 1
github.com/ainsleyclark/verbis/api/helpers/webp/cwebp.go:179.31,181.3 1 1
github.com/ainsleyclark/verbis/api/helpers/webp/cwebp.go:181.8,183.3 1 0
github.com/ainsleyclark/verbis/api/helpers/webp/decoder.go:9.47,11.2 1 1
