mode: set
github.com/ainsleyclark/verbis/api/fields/walker/name.go:14.73,17.24 1 1
github.com/ainsleyclark/verbis/api/fields/walker/name.go:22.2,22.28 1 1
github.com/ainsleyclark/verbis/api/fields/walker/name.go:31.2,31.29 1 1
github.com/ainsleyclark/verbis/api/fields/walker/name.go:42.2,42.30 1 1
github.com/ainsleyclark/verbis/api/fields/walker/name.go:17.24,19.3 1 1
github.com/ainsleyclark/verbis/api/fields/walker/name.go:22.28,23.45 1 1
github.com/ainsleyclark/verbis/api/fields/walker/name.go:23.45,24.55 1 1
github.com/ainsleyclark/verbis/api/fields/walker/name.go:24.55,26.5 1 1
github.com/ainsleyclark/verbis/api/fields/walker/name.go:31.29,32.40 1 1
github.com/ainsleyclark/verbis/api/fields/walker/name.go:32.40,33.47 1 1
github.com/ainsleyclark/verbis/api/fields/walker/name.go:33.47,34.56 1 1
github.com/ainsleyclark/verbis/api/fields/walker/name.go:34.56,36.6 1 1
github.com/ainsleyclark/verbis/api/fields/walker/uuid.go:15.76,18.24 1 1
github.com/ainsleyclark/verbis/api/fields/walker/uuid.go:23.2,23.28 1 1
github.com/ainsleyclark/verbis/api/fields/walker/uuid.go:32.2,32.29 1 1
github.com/ainsleyclark/verbis/api/fields/walker/uuid.go:43.2,43.30 1 1
github.com/ainsleyclark/verbis/api/fields/walker/uuid.go:18.24,20.3 1 1
github.com/ainsleyclark/verbis/api/fields/walker/uuid.go:23.28,24.45 1 1
github.com/ainsleyclark/verbis/api/fields/walker/uuid.go:24.45,25.55 1 1
github.com/ainsleyclark/verbis/api/fields/walker/uuid.go:25.55,27.5 1 1
github.com/ainsleyclark/verbis/api/fields/walker/uuid.go:32.29,33.40 1 1
github.com/ainsleyclark/verbis/api/fields/walker/uuid.go:33.40,34.47 1 1
github.com/ainsleyclark/verbis/api/fields/walker/uuid.go:34.47,35.56 1 1
github.com/ainsleyclark/verbis/api/fields/walker/uuid.go:35.56,37.6 1 1
github.com/ainsleyclark/verbis/api/fields/walker/walk.go:16.79,19.22 2 1
github.com/ainsleyclark/verbis/api/fields/walker/walk.go:23.2,23.27 1 1
github.com/ainsleyclark/verbis/api/fields/walker/walk.go:33.2,33.173 1 1
github.com/ainsleyclark/verbis/api/fields/walker/walk.go:19.22,21.3 1 1
github.com/ainsleyclark/verbis/api/fields/walker/walk.go:23.27,24.31 1 1
github.com/ainsleyclark/verbis/api/fields/walker/walk.go:24.31,26.14 2 1
github.com/ainsleyclark/verbis/api/fields/walker/walk.go:29.4,29.21 1 1
github.com/ainsleyclark/verbis/api/fields/walker/walk.go:26.14,27.13 1 1
github.com/ainsleyclark/verbis/api/fields/walker/walk.go:42.76,45.22 2 1
github.com/ainsleyclark/verbis/api/fields/walker/walk.go:49.2,49.27 1 1
github.com/ainsleyclark/verbis/api/fields/walker/walk.go:60.2,60.173 1 1
github.com/ainsleyclark/verbis/api/fields/walker/walk.go:45.22,47.3 1 1
github.com/ainsleyclark/verbis/api/fields/walker/walk.go:49.27,50.31 1 1
github.com/ainsleyclark/verbis/api/fields/walker/walk.go:50.31,52.14 2 1
github.com/ainsleyclark/verbis/api/fields/walker/walk.go:55.4,55.21 1 1
github.com/ainsleyclark/verbis/api/fields/walker/walk.go:52.14,53.13 1 1
github.com/ainsleyclark/verbis/api/fields/converter/location.go:39.30,43.2 1 1
github.com/ainsleyclark/verbis/api/fields/converter/location.go:51.116,56.15 2 1
github.com/ainsleyclark/verbis/api/fields/converter/location.go:63.2,64.16 2 1
github.com/ainsleyclark/verbis/api/fields/converter/location.go:67.2,73.25 3 1
github.com/ainsleyclark/verbis/api/fields/converter/location.go:77.2,77.15 1 1
github.com/ainsleyclark/verbis/api/fields/converter/location.go:56.15,58.12 2 1
github.com/ainsleyclark/verbis/api/fields/converter/location.go:58.12,60.4 1 1
github.com/ainsleyclark/verbis/api/fields/converter/location.go:64.16,66.3 1 1
github.com/ainsleyclark/verbis/api/fields/converter/location.go:73.25,75.3 1 1
github.com/ainsleyclark/verbis/api/fields/converter/location.go:87.104,91.33 2 1
github.com/ainsleyclark/verbis/api/fields/converter/location.go:148.2,148.15 1 1
github.com/ainsleyclark/verbis/api/fields/converter/location.go:152.2,152.11 1 1
github.com/ainsleyclark/verbis/api/fields/converter/location.go:91.33,94.74 1 1
github.com/ainsleyclark/verbis/api/fields/converter/location.go:94.74,97.4 1 1
github.com/ainsleyclark/verbis/api/fields/converter/location.go:97.9,100.45 1 1
github.com/ainsleyclark/verbis/api/fields/converter/location.go:100.45,102.47 1 1
github.com/ainsleyclark/verbis/api/fields/converter/location.go:102.47,106.36 2 1
github.com/ainsleyclark/verbis/api/fields/converter/location.go:137.6,139.33 2 1
github.com/ainsleyclark/verbis/api/fields/converter/location.go:106.36,108.25 1 1
github.com/ainsleyclark/verbis/api/fields/converter/location.go:109.21,110.72 1 1
github.com/ainsleyclark/verbis/api/fields/converter/location.go:111.19,112.82 1 1
github.com/ainsleyclark/verbis/api/fields/converter/location.go:113.28,114.78 1 1
github.com/ainsleyclark/verbis/api/fields/converter/location.go:115.26,116.76 1 1
github.com/ainsleyclark/verbis/api/fields/converter/location.go:117.23,118.29 1 1
github.com/ainsleyclark/verbis/api/fields/converter/location.go:123.23,124.20 1 1
github.com/ainsleyclark/verbis/api/fields/converter/location.go:129.21,130.86 1 1
github.com/ainsleyclark/verbis/api/fields/converter/location.go:131.19,132.87 1 1
github.com/ainsleyclark/verbis/api/fields/converter/location.go:118.29,120.9 1 1
github.com/ainsleyclark/verbis/api/fields/converter/location.go:120.14,122.9 1 1
github.com/ainsleyclark/verbis/api/fields/converter/location.go:124.20,126.9 1 1
github.com/ainsleyclark/verbis/api/fields/converter/location.go:126.14,128.9 1 1
github.com/ainsleyclark/verbis/api/fields/converter/location.go:139.33,141.7 1 1
github.com/ainsleyclark/verbis/api/fields/converter/location.go:148.15,150.3 1 1
github.com/ainsleyclark/verbis/api/fields/converter/location.go:162.68,166.88 3 1
github.com/ainsleyclark/verbis/api/fields/converter/location.go:191.2,191.16 1 1
github.com/ainsleyclark/verbis/api/fields/converter/location.go:195.2,195.16 1 1
github.com/ainsleyclark/verbis/api/fields/converter/location.go:166.88,168.17 1 1
github.com/ainsleyclark/verbis/api/fields/converter/location.go:172.3,172.44 1 1
github.com/ainsleyclark/verbis/api/fields/converter/location.go:188.3,188.13 1 1
github.com/ainsleyclark/verbis/api/fields/converter/location.go:168.17,170.4 1 1
github.com/ainsleyclark/verbis/api/fields/converter/location.go:172.44,175.18 2 1
github.com/ainsleyclark/verbis/api/fields/converter/location.go:179.4,181.18 3 1
github.com/ainsleyclark/verbis/api/fields/converter/location.go:185.4,185.27 1 1
github.com/ainsleyclark/verbis/api/fields/converter/location.go:175.18,177.5 1 1
github.com/ainsleyclark/verbis/api/fields/converter/location.go:181.18,183.5 1 1
github.com/ainsleyclark/verbis/api/fields/converter/location.go:191.16,193.3 1 1
github.com/ainsleyclark/verbis/api/fields/converter/location.go:203.70,206.27 2 1
github.com/ainsleyclark/verbis/api/fields/converter/location.go:217.2,217.14 1 1
github.com/ainsleyclark/verbis/api/fields/converter/location.go:207.12,208.30 1 1
github.com/ainsleyclark/verbis/api/fields/converter/location.go:211.12,212.30 1 1
github.com/ainsleyclark/verbis/api/fields/converter/location.go:208.30,210.4 1 1
github.com/ainsleyclark/verbis/api/fields/converter/location.go:212.30,214.4 1 1
github.com/ainsleyclark/verbis/api/fields/converter/location.go:226.38,227.28 1 1
github.com/ainsleyclark/verbis/api/fields/converter/location.go:232.2,232.13 1 1
github.com/ainsleyclark/verbis/api/fields/converter/location.go:227.28,228.9 1 1
github.com/ainsleyclark/verbis/api/fields/converter/location.go:228.9,230.4 1 1
github.com/ainsleyclark/verbis/api/fields/converter/location.go:240.60,241.23 1 1
github.com/ainsleyclark/verbis/api/fields/converter/location.go:246.2,246.14 1 1
github.com/ainsleyclark/verbis/api/fields/converter/location.go:241.23,242.29 1 1
github.com/ainsleyclark/verbis/api/fields/converter/location.go:242.29,244.4 1 1
github.com/ainsleyclark/verbis/api/http/csrf/csrf.go:23.45,24.42 1 0
github.com/ainsleyclark/verbis/api/http/csrf/csrf.go:27.54,30.43 2 1
github.com/ainsleyclark/verbis/api/http/csrf/csrf.go:40.2,40.11 1 1
github.com/ainsleyclark/verbis/api/http/csrf/csrf.go:30.43,32.3 1 1
github.com/ainsleyclark/verbis/api/http/csrf/csrf.go:32.8,32.56 1 1
github.com/ainsleyclark/verbis/api/http/csrf/csrf.go:32.56,34.3 1 0
github.com/ainsleyclark/verbis/api/http/csrf/csrf.go:34.8,34.58 1 1
github.com/ainsleyclark/verbis/api/http/csrf/csrf.go:34.58,36.3 1 1
github.com/ainsleyclark/verbis/api/http/csrf/csrf.go:36.8,36.58 1 1
github.com/ainsleyclark/verbis/api/http/csrf/csrf.go:36.58,38.3 1 1
github.com/ainsleyclark/verbis/api/http/csrf/csrf.go:52.43,58.2 4 1
github.com/ainsleyclark/verbis/api/http/csrf/csrf.go:60.47,63.24 2 1
github.com/ainsleyclark/verbis/api/http/csrf/csrf.go:70.2,70.14 1 1
github.com/ainsleyclark/verbis/api/http/csrf/csrf.go:63.24,64.17 1 1
github.com/ainsleyclark/verbis/api/http/csrf/csrf.go:64.17,66.9 2 1
github.com/ainsleyclark/verbis/api/http/csrf/csrf.go:74.50,79.26 4 1
github.com/ainsleyclark/verbis/api/http/csrf/csrf.go:83.2,83.22 1 1
github.com/ainsleyclark/verbis/api/http/csrf/csrf.go:87.2,87.24 1 1
github.com/ainsleyclark/verbis/api/http/csrf/csrf.go:91.2,91.30 1 1
github.com/ainsleyclark/verbis/api/http/csrf/csrf.go:79.26,81.3 1 1
github.com/ainsleyclark/verbis/api/http/csrf/csrf.go:83.22,85.3 1 1
github.com/ainsleyclark/verbis/api/http/csrf/csrf.go:87.24,89.3 1 1
github.com/ainsleyclark/verbis/api/http/csrf/csrf.go:91.30,95.47 3 1
github.com/ainsleyclark/verbis/api/http/csrf/csrf.go:100.3,104.28 3 1
github.com/ainsleyclark/verbis/api/http/csrf/csrf.go:109.3,111.46 2 1
github.com/ainsleyclark/verbis/api/http/csrf/csrf.go:116.3,116.11 1 1
github.com/ainsleyclark/verbis/api/http/csrf/csrf.go:95.47,98.4 2 1
github.com/ainsleyclark/verbis/api/http/csrf/csrf.go:104.28,107.4 2 0
github.com/ainsleyclark/verbis/api/http/csrf/csrf.go:111.46,114.4 2 1
github.com/ainsleyclark/verbis/api/http/csrf/csrf.go:121.38,125.35 3 1
github.com/ainsleyclark/verbis/api/http/csrf/csrf.go:129.2,130.9 2 1
github.com/ainsleyclark/verbis/api/http/csrf/csrf.go:135.2,138.14 3 1
github.com/ainsleyclark/verbis/api/http/csrf/csrf.go:125.35,127.3 1 0
github.com/ainsleyclark/verbis/api/http/csrf/csrf.go:130.9,134.3 3 1
github.com/ainsleyclark/verbis/api/http/pagination.go:24.34,26.2 1 1
github.com/ainsleyclark/verbis/api/http/pagination.go:29.64,37.21 4 1
github.com/ainsleyclark/verbis/api/http/pagination.go:45.2,56.25 3 1
github.com/ainsleyclark/verbis/api/http/pagination.go:59.2,59.21 1 1
github.com/ainsleyclark/verbis/api/http/pagination.go:63.2,63.19 1 1
github.com/ainsleyclark/verbis/api/http/pagination.go:37.21,40.3 2 1
github.com/ainsleyclark/verbis/api/http/pagination.go:40.8,42.3 1 1
github.com/ainsleyclark/verbis/api/http/pagination.go:56.25,58.3 1 1
github.com/ainsleyclark/verbis/api/http/pagination.go:59.21,61.3 1 1
github.com/ainsleyclark/verbis/api/http/params.go:49.40,53.2 1 1
github.com/ainsleyclark/verbis/api/http/params.go:56.31,62.29 4 1
github.com/ainsleyclark/verbis/api/http/params.go:67.2,70.23 4 1
github.com/ainsleyclark/verbis/api/http/params.go:83.2,84.17 2 1
github.com/ainsleyclark/verbis/api/http/params.go:89.2,92.24 3 1
github.com/ainsleyclark/verbis/api/http/params.go:106.2,108.24 3 1
github.com/ainsleyclark/verbis/api/http/params.go:115.2,122.3 1 1
github.com/ainsleyclark/verbis/api/http/params.go:62.29,64.3 1 1
github.com/ainsleyclark/verbis/api/http/params.go:70.23,72.3 1 1
github.com/ainsleyclark/verbis/api/http/params.go:72.8,74.17 2 1
github.com/ainsleyclark/verbis/api/http/params.go:77.3,77.35 1 1
github.com/ainsleyclark/verbis/api/http/params.go:74.17,76.4 1 1
github.com/ainsleyclark/verbis/api/http/params.go:77.35,79.4 1 1
github.com/ainsleyclark/verbis/api/http/params.go:84.17,86.3 1 1
github.com/ainsleyclark/verbis/api/http/params.go:92.24,95.3 2 1
github.com/ainsleyclark/verbis/api/http/params.go:95.8,96.24 1 1
github.com/ainsleyclark/verbis/api/http/params.go:96.24,99.4 2 1
github.com/ainsleyclark/verbis/api/http/params.go:99.9,102.4 2 1
github.com/ainsleyclark/verbis/api/http/params.go:108.24,110.17 2 1
github.com/ainsleyclark/verbis/api/http/params.go:110.17,112.4 1 1
github.com/ainsleyclark/verbis/api/http/params.go:126.78,130.16 3 1
github.com/ainsleyclark/verbis/api/http/params.go:134.2,135.53 2 1
github.com/ainsleyclark/verbis/api/http/params.go:140.2,140.22 1 1
github.com/ainsleyclark/verbis/api/http/params.go:145.2,145.23 1 1
github.com/ainsleyclark/verbis/api/http/params.go:150.2,150.27 1 1
github.com/ainsleyclark/verbis/api/http/params.go:155.2,155.26 1 1
github.com/ainsleyclark/verbis/api/http/params.go:160.2,160.33 1 1
github.com/ainsleyclark/verbis/api/http/params.go:164.2,164.20 1 1
github.com/ainsleyclark/verbis/api/http/params.go:130.16,132.3 1 1
github.com/ainsleyclark/verbis/api/http/params.go:135.53,137.3 1 1
github.com/ainsleyclark/verbis/api/http/params.go:140.22,142.3 1 1
github.com/ainsleyclark/verbis/api/http/params.go:145.23,147.3 1 1
github.com/ainsleyclark/verbis/api/http/params.go:150.27,152.3 1 1
github.com/ainsleyclark/verbis/api/http/params.go:155.26,157.3 1 1
github.com/ainsleyclark/verbis/api/http/params.go:160.33,162.3 1 1
github.com/ainsleyclark/verbis/api/http/middleware/tokencheck.go:12.71,13.30 1 0
github.com/ainsleyclark/verbis/api/http/middleware/tokencheck.go:13.30,15.45 1 0
github.com/ainsleyclark/verbis/api/http/middleware/tokencheck.go:19.3,20.17 2 0
github.com/ainsleyclark/verbis/api/http/middleware/tokencheck.go:24.3,24.20 1 0
github.com/ainsleyclark/verbis/api/http/middleware/tokencheck.go:15.45,17.4 1 0
github.com/ainsleyclark/verbis/api/http/middleware/tokencheck.go:20.17,22.4 1 0
github.com/ainsleyclark/verbis/api/http/middleware/tokencheck.go:24.20,26.4 1 0
github.com/ainsleyclark/verbis/api/http/middleware/tokencheck.go:26.9,29.4 2 0
github.com/ainsleyclark/verbis/api/http/middleware/tokencheck.go:34.74,35.30 1 0
github.com/ainsleyclark/verbis/api/http/middleware/tokencheck.go:35.30,37.45 1 0
github.com/ainsleyclark/verbis/api/http/middleware/tokencheck.go:41.3,42.17 2 0
github.com/ainsleyclark/verbis/api/http/middleware/tokencheck.go:46.3,46.20 1 0
github.com/ainsleyclark/verbis/api/http/middleware/tokencheck.go:37.45,39.4 1 0
github.com/ainsleyclark/verbis/api/http/middleware/tokencheck.go:42.17,44.4 1 0
github.com/ainsleyclark/verbis/api/http/middleware/tokencheck.go:46.20,48.4 1 0
github.com/ainsleyclark/verbis/api/http/middleware/tokencheck.go:48.9,51.4 2 0
github.com/ainsleyclark/verbis/api/http/middleware/tokencheck.go:56.45,58.17 2 0
github.com/ainsleyclark/verbis/api/http/middleware/tokencheck.go:62.2,62.12 1 0
github.com/ainsleyclark/verbis/api/http/middleware/tokencheck.go:58.17,61.3 2 0
github.com/ainsleyclark/verbis/api/http/middleware/tokencheck.go:66.84,70.16 3 0
github.com/ainsleyclark/verbis/api/http/middleware/tokencheck.go:75.2,75.20 1 0
github.com/ainsleyclark/verbis/api/http/middleware/tokencheck.go:80.2,80.16 1 0
github.com/ainsleyclark/verbis/api/http/middleware/tokencheck.go:70.16,73.3 2 0
github.com/ainsleyclark/verbis/api/http/middleware/tokencheck.go:75.20,78.3 2 0
github.com/ainsleyclark/verbis/api/http/middleware/tokencheck.go:84.53,97.2 1 0
github.com/ainsleyclark/verbis/api/http/middleware/cors.go:7.29,8.30 1 1
github.com/ainsleyclark/verbis/api/http/middleware/cors.go:8.30,14.36 5 1
github.com/ainsleyclark/verbis/api/http/middleware/cors.go:19.3,19.11 1 1
github.com/ainsleyclark/verbis/api/http/middleware/cors.go:14.36,17.4 2 1
github.com/ainsleyclark/verbis/api/http/middleware/emptybody.go:11.34,12.30 1 1
github.com/ainsleyclark/verbis/api/http/middleware/emptybody.go:12.30,15.92 2 1
github.com/ainsleyclark/verbis/api/http/middleware/emptybody.go:20.3,21.42 2 1
github.com/ainsleyclark/verbis/api/http/middleware/emptybody.go:35.3,35.11 1 1
github.com/ainsleyclark/verbis/api/http/middleware/emptybody.go:15.92,18.4 2 1
github.com/ainsleyclark/verbis/api/http/middleware/emptybody.go:21.42,24.29 2 1
github.com/ainsleyclark/verbis/api/http/middleware/emptybody.go:29.4,29.34 1 1
github.com/ainsleyclark/verbis/api/http/middleware/emptybody.go:24.29,27.5 2 1
github.com/ainsleyclark/verbis/api/http/middleware/emptybody.go:29.34,32.5 2 1
github.com/ainsleyclark/verbis/api/http/middleware/emptybody.go:40.48,44.2 3 1
github.com/ainsleyclark/verbis/api/http/middleware/emptybody.go:47.28,50.2 2 1
github.com/ainsleyclark/verbis/api/http/middleware/logger.go:10.28,11.30 1 0
github.com/ainsleyclark/verbis/api/http/middleware/logger.go:11.30,21.13 6 0
github.com/ainsleyclark/verbis/api/http/middleware/logger.go:28.3,30.13 3 0
github.com/ainsleyclark/verbis/api/http/middleware/logger.go:41.3,69.42 10 0
github.com/ainsleyclark/verbis/api/http/middleware/logger.go:74.3,74.81 1 0
github.com/ainsleyclark/verbis/api/http/middleware/logger.go:21.13,23.10 2 0
github.com/ainsleyclark/verbis/api/http/middleware/logger.go:23.10,25.5 1 0
github.com/ainsleyclark/verbis/api/http/middleware/logger.go:30.13,32.10 2 0
github.com/ainsleyclark/verbis/api/http/middleware/logger.go:32.10,34.5 1 0
github.com/ainsleyclark/verbis/api/http/middleware/logger.go:35.9,35.39 1 0
github.com/ainsleyclark/verbis/api/http/middleware/logger.go:35.39,37.4 1 0
github.com/ainsleyclark/verbis/api/http/middleware/logger.go:37.9,39.4 1 0
github.com/ainsleyclark/verbis/api/http/middleware/logger.go:69.42,71.4 1 0
github.com/ainsleyclark/verbis/api/http/middleware/logger.go:74.81,76.4 1 0
github.com/ainsleyclark/verbis/api/http/middleware/logger.go:76.9,76.51 1 0
github.com/ainsleyclark/verbis/api/http/middleware/logger.go:76.51,78.4 1 0
github.com/ainsleyclark/verbis/api/http/middleware/logger.go:78.9,80.4 1 0
github.com/ainsleyclark/verbis/api/http/middleware/recovery.go:8.72,10.2 1 0
github.com/ainsleyclark/verbis/api/http/middleware/recovery.go:12.97,13.30 1 0
github.com/ainsleyclark/verbis/api/http/middleware/recovery.go:13.30,14.16 1 0
github.com/ainsleyclark/verbis/api/http/middleware/recovery.go:19.3,19.11 1 0
github.com/ainsleyclark/verbis/api/http/middleware/recovery.go:14.16,15.36 1 0
github.com/ainsleyclark/verbis/api/http/middleware/recovery.go:15.36,17.5 1 0
github.com/ainsleyclark/verbis/api/http/middleware/redirects.go:9.60,10.30 1 1
github.com/ainsleyclark/verbis/api/http/middleware/redirects.go:10.30,14.42 3 1
github.com/ainsleyclark/verbis/api/http/middleware/redirects.go:21.3,21.11 1 1
github.com/ainsleyclark/verbis/api/http/middleware/redirects.go:14.42,15.22 1 1
github.com/ainsleyclark/verbis/api/http/middleware/redirects.go:15.22,18.5 2 1
github.com/ainsleyclark/verbis/api/http/middleware/session.go:9.60,10.30 1 1
github.com/ainsleyclark/verbis/api/http/middleware/session.go:10.30,13.47 2 1
github.com/ainsleyclark/verbis/api/http/middleware/session.go:23.3,23.11 1 1
github.com/ainsleyclark/verbis/api/http/middleware/session.go:13.47,21.4 3 1
github.com/ainsleyclark/verbis/api/http/handler/spa/spa.go:26.64,33.2 1 1
github.com/ainsleyclark/verbis/api/http/handler/spa/spa.go:44.37,49.33 2 1
github.com/ainsleyclark/verbis/api/http/handler/spa/spa.go:49.33,56.17 5 1
github.com/ainsleyclark/verbis/api/http/handler/spa/spa.go:62.3,63.33 2 1
github.com/ainsleyclark/verbis/api/http/handler/spa/spa.go:56.17,60.4 2 1
github.com/ainsleyclark/verbis/api/http/handler/spa/spa.go:66.8,69.17 2 1
github.com/ainsleyclark/verbis/api/http/handler/spa/spa.go:75.3,75.48 1 1
github.com/ainsleyclark/verbis/api/http/handler/spa/spa.go:69.17,73.4 2 1
github.com/ainsleyclark/verbis/api/http/handler/handler.go:29.65,45.2 1 1
github.com/ainsleyclark/verbis/api/http/handler/frontend/seo.go:29.64,39.2 1 1
github.com/ainsleyclark/verbis/api/http/handler/frontend/seo.go:46.38,49.31 2 1
github.com/ainsleyclark/verbis/api/http/handler/frontend/seo.go:54.2,54.56 1 1
github.com/ainsleyclark/verbis/api/http/handler/frontend/seo.go:49.31,52.3 2 1
github.com/ainsleyclark/verbis/api/http/handler/frontend/seo.go:63.44,67.16 3 1
github.com/ainsleyclark/verbis/api/http/handler/frontend/seo.go:72.2,72.56 1 1
github.com/ainsleyclark/verbis/api/http/handler/frontend/seo.go:67.16,70.3 2 1
github.com/ainsleyclark/verbis/api/http/handler/frontend/seo.go:81.47,85.16 3 1
github.com/ainsleyclark/verbis/api/http/handler/frontend/seo.go:90.2,90.56 1 1
github.com/ainsleyclark/verbis/api/http/handler/frontend/seo.go:85.16,88.3 2 1
github.com/ainsleyclark/verbis/api/http/handler/frontend/seo.go:97.54,101.16 3 1
github.com/ainsleyclark/verbis/api/http/handler/frontend/seo.go:106.2,106.56 1 1
github.com/ainsleyclark/verbis/api/http/handler/frontend/seo.go:101.16,104.3 2 1
github.com/ainsleyclark/verbis/api/http/handler/frontend/public.go:27.70,38.2 2 1
github.com/ainsleyclark/verbis/api/http/handler/frontend/public.go:41.45,45.16 3 1
github.com/ainsleyclark/verbis/api/http/handler/frontend/public.go:50.2,50.31 1 1
github.com/ainsleyclark/verbis/api/http/handler/frontend/public.go:45.16,48.3 2 1
github.com/ainsleyclark/verbis/api/http/handler/frontend/public.go:54.44,58.16 3 1
github.com/ainsleyclark/verbis/api/http/handler/frontend/public.go:63.2,63.31 1 1
github.com/ainsleyclark/verbis/api/http/handler/frontend/public.go:58.16,61.3 2 1
github.com/ainsleyclark/verbis/api/http/handler/frontend/public.go:67.40,71.16 3 1
github.com/ainsleyclark/verbis/api/http/handler/frontend/public.go:77.2,77.32 1 1
github.com/ainsleyclark/verbis/api/http/handler/frontend/public.go:71.16,75.3 3 1
github.com/ainsleyclark/verbis/api/fields/service.go:36.62,38.21 2 1
github.com/ainsleyclark/verbis/api/fields/service.go:42.2,43.21 2 1
github.com/ainsleyclark/verbis/api/fields/service.go:47.2,52.3 1 1
github.com/ainsleyclark/verbis/api/fields/service.go:38.21,40.3 1 1
github.com/ainsleyclark/verbis/api/fields/service.go:43.21,45.3 1 1
github.com/ainsleyclark/verbis/api/fields/type.go:13.73,16.24 2 1
github.com/ainsleyclark/verbis/api/fields/type.go:20.2,20.25 1 0
github.com/ainsleyclark/verbis/api/fields/type.go:25.2,26.37 2 0
github.com/ainsleyclark/verbis/api/fields/type.go:29.2,31.14 2 0
github.com/ainsleyclark/verbis/api/fields/type.go:16.24,18.3 1 1
github.com/ainsleyclark/verbis/api/fields/type.go:20.25,23.3 2 0
github.com/ainsleyclark/verbis/api/fields/type.go:26.37,28.3 1 0
github.com/ainsleyclark/verbis/api/fields/type.go:41.75,45.13 3 0
github.com/ainsleyclark/verbis/api/fields/type.go:79.2,79.14 1 0
github.com/ainsleyclark/verbis/api/fields/type.go:84.2,84.10 1 0
github.com/ainsleyclark/verbis/api/fields/type.go:46.18,48.17 2 0
github.com/ainsleyclark/verbis/api/fields/type.go:51.3,51.15 1 0
github.com/ainsleyclark/verbis/api/fields/type.go:52.15,54.17 2 0
github.com/ainsleyclark/verbis/api/fields/type.go:57.3,57.12 1 0
github.com/ainsleyclark/verbis/api/fields/type.go:58.14,60.17 2 0
github.com/ainsleyclark/verbis/api/fields/type.go:64.3,65.17 2 0
github.com/ainsleyclark/verbis/api/fields/type.go:68.3,68.17 1 0
github.com/ainsleyclark/verbis/api/fields/type.go:69.14,71.17 2 0
github.com/ainsleyclark/verbis/api/fields/type.go:74.3,74.30 1 0
github.com/ainsleyclark/verbis/api/fields/type.go:75.10,76.15 1 0
github.com/ainsleyclark/verbis/api/fields/type.go:48.17,50.4 1 0
github.com/ainsleyclark/verbis/api/fields/type.go:54.17,56.4 1 0
github.com/ainsleyclark/verbis/api/fields/type.go:60.17,62.9 2 0
github.com/ainsleyclark/verbis/api/fields/type.go:65.17,67.4 1 0
github.com/ainsleyclark/verbis/api/fields/type.go:71.17,73.4 1 0
github.com/ainsleyclark/verbis/api/fields/type.go:79.14,82.3 2 0
github.com/ainsleyclark/verbis/api/fields/common.go:23.77,26.19 2 1
github.com/ainsleyclark/verbis/api/fields/common.go:27.9,29.22 2 1
github.com/ainsleyclark/verbis/api/fields/common.go:30.9,32.17 2 1
github.com/ainsleyclark/verbis/api/fields/common.go:38.3,39.24 2 1
github.com/ainsleyclark/verbis/api/fields/common.go:40.10,41.24 1 1
github.com/ainsleyclark/verbis/api/fields/common.go:32.17,37.4 2 1
github.com/ainsleyclark/verbis/api/fields/common.go:50.70,54.16 3 1
github.com/ainsleyclark/verbis/api/fields/common.go:61.2,62.16 2 1
github.com/ainsleyclark/verbis/api/fields/common.go:67.2,67.15 1 1
github.com/ainsleyclark/verbis/api/fields/common.go:54.16,59.3 2 1
github.com/ainsleyclark/verbis/api/fields/common.go:62.16,65.3 2 1
github.com/ainsleyclark/verbis/api/fields/common.go:74.101,76.31 2 1
github.com/ainsleyclark/verbis/api/fields/common.go:81.2,81.173 1 1
github.com/ainsleyclark/verbis/api/fields/common.go:76.31,77.25 1 1
github.com/ainsleyclark/verbis/api/fields/common.go:77.25,79.4 1 1
github.com/ainsleyclark/verbis/api/fields/common.go:91.111,93.31 2 1
github.com/ainsleyclark/verbis/api/fields/common.go:103.2,103.25 1 1
github.com/ainsleyclark/verbis/api/fields/common.go:93.31,95.39 2 1
github.com/ainsleyclark/verbis/api/fields/common.go:95.39,96.15 1 1
github.com/ainsleyclark/verbis/api/fields/common.go:100.4,100.42 1 1
github.com/ainsleyclark/verbis/api/fields/common.go:96.15,98.13 2 1
github.com/ainsleyclark/verbis/api/fields/common.go:110.72,111.43 1 1
github.com/ainsleyclark/verbis/api/fields/common.go:123.2,123.11 1 1
github.com/ainsleyclark/verbis/api/fields/common.go:111.43,115.16 4 1
github.com/ainsleyclark/verbis/api/fields/common.go:118.3,118.16 1 1
github.com/ainsleyclark/verbis/api/fields/common.go:121.3,121.19 1 1
github.com/ainsleyclark/verbis/api/fields/common.go:115.16,117.4 1 1
github.com/ainsleyclark/verbis/api/fields/common.go:118.16,120.4 1 1
github.com/ainsleyclark/verbis/api/fields/field.go:7.83,11.16 3 1
github.com/ainsleyclark/verbis/api/fields/field.go:15.2,15.13 1 1
github.com/ainsleyclark/verbis/api/fields/field.go:19.2,19.41 1 1
github.com/ainsleyclark/verbis/api/fields/field.go:11.16,13.3 1 1
github.com/ainsleyclark/verbis/api/fields/field.go:15.13,17.3 1 1
github.com/ainsleyclark/verbis/api/fields/fields.go:13.66,17.48 3 1
github.com/ainsleyclark/verbis/api/fields/fields.go:25.2,25.15 1 1
github.com/ainsleyclark/verbis/api/fields/fields.go:17.48,18.14 1 1
github.com/ainsleyclark/verbis/api/fields/fields.go:22.3,22.46 1 1
github.com/ainsleyclark/verbis/api/fields/fields.go:18.14,21.4 2 1
github.com/ainsleyclark/verbis/api/fields/fields.go:38.76,39.31 1 1
github.com/ainsleyclark/verbis/api/fields/fields.go:64.2,64.8 1 1
github.com/ainsleyclark/verbis/api/fields/fields.go:39.31,41.49 1 1
github.com/ainsleyclark/verbis/api/fields/fields.go:45.3,45.31 1 1
github.com/ainsleyclark/verbis/api/fields/fields.go:53.3,53.31 1 1
github.com/ainsleyclark/verbis/api/fields/fields.go:62.3,62.20 1 1
github.com/ainsleyclark/verbis/api/fields/fields.go:41.49,42.12 1 1
github.com/ainsleyclark/verbis/api/fields/fields.go:45.31,46.62 1 1
github.com/ainsleyclark/verbis/api/fields/fields.go:46.62,49.13 3 1
github.com/ainsleyclark/verbis/api/fields/fields.go:53.31,55.18 2 1
github.com/ainsleyclark/verbis/api/fields/fields.go:55.18,58.13 3 1
github.com/ainsleyclark/verbis/api/fields/flexible.go:32.83,38.16 4 1
github.com/ainsleyclark/verbis/api/fields/flexible.go:42.2,42.30 1 1
github.com/ainsleyclark/verbis/api/fields/flexible.go:46.2,47.16 2 1
github.com/ainsleyclark/verbis/api/fields/flexible.go:51.2,51.51 1 1
github.com/ainsleyclark/verbis/api/fields/flexible.go:38.16,40.3 1 1
github.com/ainsleyclark/verbis/api/fields/flexible.go:42.30,44.3 1 1
github.com/ainsleyclark/verbis/api/fields/flexible.go:47.16,49.3 1 1
github.com/ainsleyclark/verbis/api/fields/flexible.go:61.97,63.28 2 1
github.com/ainsleyclark/verbis/api/fields/flexible.go:76.2,76.17 1 1
github.com/ainsleyclark/verbis/api/fields/flexible.go:63.28,65.32 2 1
github.com/ainsleyclark/verbis/api/fields/flexible.go:74.3,74.63 1 1
github.com/ainsleyclark/verbis/api/fields/flexible.go:65.32,66.49 1 1
github.com/ainsleyclark/verbis/api/fields/flexible.go:66.49,67.16 1 1
github.com/ainsleyclark/verbis/api/fields/flexible.go:71.5,71.45 1 1
github.com/ainsleyclark/verbis/api/fields/flexible.go:67.16,69.14 2 1
github.com/ainsleyclark/verbis/api/fields/flexible.go:82.34,84.2 1 1
github.com/ainsleyclark/verbis/api/fields/flexible.go:89.54,90.24 1 1
github.com/ainsleyclark/verbis/api/fields/flexible.go:95.2,95.12 1 1
github.com/ainsleyclark/verbis/api/fields/flexible.go:90.24,91.23 1 1
github.com/ainsleyclark/verbis/api/fields/flexible.go:91.23,93.4 1 1
github.com/ainsleyclark/verbis/api/fields/flexible.go:102.40,103.17 1 1
github.com/ainsleyclark/verbis/api/fields/flexible.go:106.2,106.13 1 1
github.com/ainsleyclark/verbis/api/fields/flexible.go:103.17,105.3 1 1
github.com/ainsleyclark/verbis/api/fields/flexible.go:113.39,114.17 1 1
github.com/ainsleyclark/verbis/api/fields/flexible.go:117.2,117.20 1 1
github.com/ainsleyclark/verbis/api/fields/flexible.go:114.17,116.3 1 1
github.com/ainsleyclark/verbis/api/fields/layout.go:13.85,15.16 2 1
github.com/ainsleyclark/verbis/api/fields/layout.go:18.2,18.20 1 1
github.com/ainsleyclark/verbis/api/fields/layout.go:15.16,17.3 1 1
github.com/ainsleyclark/verbis/api/fields/layout.go:23.71,25.2 1 1
github.com/ainsleyclark/verbis/api/fields/layout.go:29.76,30.19 1 1
github.com/ainsleyclark/verbis/api/fields/layout.go:31.9,33.16 2 0
github.com/ainsleyclark/verbis/api/fields/layout.go:34.10,35.18 1 1
github.com/ainsleyclark/verbis/api/fields/layout.go:44.71,48.16 3 1
github.com/ainsleyclark/verbis/api/fields/layout.go:55.2,56.16 2 1
github.com/ainsleyclark/verbis/api/fields/layout.go:61.2,62.16 2 1
github.com/ainsleyclark/verbis/api/fields/layout.go:67.2,67.18 1 1
github.com/ainsleyclark/verbis/api/fields/layout.go:48.16,53.3 2 1
github.com/ainsleyclark/verbis/api/fields/layout.go:56.16,59.3 2 1
github.com/ainsleyclark/verbis/api/fields/layout.go:62.16,65.3 2 1
github.com/ainsleyclark/verbis/api/fields/repeater.go:19.83,25.16 4 1
github.com/ainsleyclark/verbis/api/fields/repeater.go:29.2,29.30 1 1
github.com/ainsleyclark/verbis/api/fields/repeater.go:33.2,33.60 1 1
github.com/ainsleyclark/verbis/api/fields/repeater.go:25.16,27.3 1 1
github.com/ainsleyclark/verbis/api/fields/repeater.go:29.30,31.3 1 1
github.com/ainsleyclark/verbis/api/fields/repeater.go:39.34,41.2 1 1
github.com/ainsleyclark/verbis/api/fields/repeater.go:46.53,47.24 1 1
github.com/ainsleyclark/verbis/api/fields/repeater.go:52.2,52.12 1 1
github.com/ainsleyclark/verbis/api/fields/repeater.go:47.24,48.23 1 1
github.com/ainsleyclark/verbis/api/fields/repeater.go:48.23,50.4 1 1
github.com/ainsleyclark/verbis/api/fields/repeater.go:59.39,60.17 1 1
github.com/ainsleyclark/verbis/api/fields/repeater.go:63.2,63.13 1 1
github.com/ainsleyclark/verbis/api/fields/repeater.go:60.17,62.3 1 1
github.com/ainsleyclark/verbis/api/fields/repeater.go:70.38,71.17 1 1
github.com/ainsleyclark/verbis/api/fields/repeater.go:74.2,74.20 1 1
github.com/ainsleyclark/verbis/api/fields/repeater.go:71.17,73.3 1 1
github.com/ainsleyclark/verbis/api/render/headers.go:25.44,29.2 1 1
github.com/ainsleyclark/verbis/api/render/headers.go:36.41,40.30 2 1
github.com/ainsleyclark/verbis/api/render/headers.go:44.2,47.37 2 1
github.com/ainsleyclark/verbis/api/render/headers.go:52.2,57.70 4 1
github.com/ainsleyclark/verbis/api/render/headers.go:62.2,66.32 3 1
github.com/ainsleyclark/verbis/api/render/headers.go:40.30,42.3 1 1
github.com/ainsleyclark/verbis/api/render/headers.go:47.37,49.3 1 0
github.com/ainsleyclark/verbis/api/render/headers.go:57.70,59.3 1 1
github.com/ainsleyclark/verbis/api/render/headers.go:66.32,67.39 1 1
github.com/ainsleyclark/verbis/api/render/headers.go:67.39,68.26 1 1
github.com/ainsleyclark/verbis/api/render/headers.go:68.26,70.81 2 1
github.com/ainsleyclark/verbis/api/render/headers.go:75.5,75.37 1 1
github.com/ainsleyclark/verbis/api/render/headers.go:70.81,72.6 1 1
github.com/ainsleyclark/verbis/api/render/headers.go:72.11,74.6 1 1
github.com/ainsleyclark/verbis/api/render/page.go:16.55,20.15 3 0
github.com/ainsleyclark/verbis/api/render/page.go:24.2,26.16 3 0
github.com/ainsleyclark/verbis/api/render/page.go:30.2,31.16 2 0
github.com/ainsleyclark/verbis/api/render/page.go:36.2,37.33 2 0
github.com/ainsleyclark/verbis/api/render/page.go:46.2,47.46 2 0
github.com/ainsleyclark/verbis/api/render/page.go:51.2,52.36 2 0
github.com/ainsleyclark/verbis/api/render/page.go:56.2,57.34 2 0
github.com/ainsleyclark/verbis/api/render/page.go:63.2,74.70 4 0
github.com/ainsleyclark/verbis/api/render/page.go:78.2,79.35 2 0
github.com/ainsleyclark/verbis/api/render/page.go:83.2,83.12 1 0
github.com/ainsleyclark/verbis/api/render/page.go:89.2,89.22 1 0
github.com/ainsleyclark/verbis/api/render/page.go:20.15,22.3 1 0
github.com/ainsleyclark/verbis/api/render/page.go:26.16,28.3 1 0
github.com/ainsleyclark/verbis/api/render/page.go:31.16,33.3 1 0
github.com/ainsleyclark/verbis/api/render/page.go:37.33,41.42 3 0
github.com/ainsleyclark/verbis/api/render/page.go:41.42,43.4 1 0
github.com/ainsleyclark/verbis/api/render/page.go:47.46,49.3 1 0
github.com/ainsleyclark/verbis/api/render/page.go:52.36,54.3 1 0
github.com/ainsleyclark/verbis/api/render/page.go:57.34,59.3 1 0
github.com/ainsleyclark/verbis/api/render/page.go:59.8,61.3 1 0
github.com/ainsleyclark/verbis/api/render/page.go:74.70,75.13 1 0
github.com/ainsleyclark/verbis/api/render/page.go:79.35,81.3 1 0
github.com/ainsleyclark/verbis/api/render/page.go:83.12,84.52 1 0
github.com/ainsleyclark/verbis/api/render/page.go:84.52,86.4 1 0
github.com/ainsleyclark/verbis/api/render/renderer.go:28.70,39.2 3 0
github.com/ainsleyclark/verbis/api/render/assets.go:26.66,34.33 5 0
github.com/ainsleyclark/verbis/api/render/assets.go:42.2,47.16 5 0
github.com/ainsleyclark/verbis/api/render/assets.go:52.2,52.15 1 0
github.com/ainsleyclark/verbis/api/render/assets.go:62.2,66.49 2 0
github.com/ainsleyclark/verbis/api/render/assets.go:75.2,76.39 2 0
github.com/ainsleyclark/verbis/api/render/assets.go:80.2,80.30 1 0
github.com/ainsleyclark/verbis/api/render/assets.go:34.33,36.45 2 0
github.com/ainsleyclark/verbis/api/render/assets.go:36.45,38.4 1 0
github.com/ainsleyclark/verbis/api/render/assets.go:47.16,49.3 1 0
github.com/ainsleyclark/verbis/api/render/assets.go:52.15,53.13 1 0
github.com/ainsleyclark/verbis/api/render/assets.go:53.13,54.56 1 0
github.com/ainsleyclark/verbis/api/render/assets.go:54.56,57.5 2 0
github.com/ainsleyclark/verbis/api/render/assets.go:66.49,68.22 2 0
github.com/ainsleyclark/verbis/api/render/assets.go:68.22,71.4 2 0
github.com/ainsleyclark/verbis/api/render/assets.go:76.39,78.3 1 0
github.com/ainsleyclark/verbis/api/render/minify.go:33.42,47.2 8 0
github.com/ainsleyclark/verbis/api/render/minify.go:51.66,54.16 3 0
github.com/ainsleyclark/verbis/api/render/minify.go:57.2,57.30 1 0
github.com/ainsleyclark/verbis/api/render/minify.go:54.16,56.3 1 0
github.com/ainsleyclark/verbis/api/render/minify.go:63.76,65.2 1 0
github.com/ainsleyclark/verbis/api/render/minify.go:70.72,78.14 3 0
github.com/ainsleyclark/verbis/api/render/minify.go:129.2,129.20 1 0
github.com/ainsleyclark/verbis/api/render/minify.go:79.19,80.3 1 0
github.com/ainsleyclark/verbis/api/render/minify.go:87.18,88.3 1 0
github.com/ainsleyclark/verbis/api/render/minify.go:95.32,96.3 1 0
github.com/ainsleyclark/verbis/api/render/minify.go:103.23,104.3 1 0
github.com/ainsleyclark/verbis/api/render/minify.go:111.26,112.3 1 0
github.com/ainsleyclark/verbis/api/render/minify.go:119.18,120.3 1 0
github.com/ainsleyclark/verbis/api/render/minify.go:80.3,82.18 2 0
github.com/ainsleyclark/verbis/api/render/minify.go:85.4,85.9 1 0
github.com/ainsleyclark/verbis/api/render/minify.go:82.18,84.5 1 0
github.com/ainsleyclark/verbis/api/render/minify.go:88.3,90.18 2 0
github.com/ainsleyclark/verbis/api/render/minify.go:93.4,93.22 1 0
github.com/ainsleyclark/verbis/api/render/minify.go:90.18,92.5 1 0
github.com/ainsleyclark/verbis/api/render/minify.go:96.3,98.18 2 0
github.com/ainsleyclark/verbis/api/render/minify.go:101.4,101.9 1 0
github.com/ainsleyclark/verbis/api/render/minify.go:98.18,100.5 1 0
github.com/ainsleyclark/verbis/api/render/minify.go:104.3,106.18 2 0
github.com/ainsleyclark/verbis/api/render/minify.go:109.4,109.9 1 0
github.com/ainsleyclark/verbis/api/render/minify.go:106.18,108.5 1 0
github.com/ainsleyclark/verbis/api/render/minify.go:112.3,114.18 2 0
github.com/ainsleyclark/verbis/api/render/minify.go:117.4,117.9 1 0
github.com/ainsleyclark/verbis/api/render/minify.go:114.18,116.5 1 0
github.com/ainsleyclark/verbis/api/render/minify.go:120.3,122.18 2 0
github.com/ainsleyclark/verbis/api/render/minify.go:125.4,125.9 1 0
github.com/ainsleyclark/verbis/api/render/minify.go:122.18,124.5 1 0
github.com/ainsleyclark/verbis/api/render/minify.go:136.86,144.11 3 0
github.com/ainsleyclark/verbis/api/render/minify.go:153.2,153.20 1 0
github.com/ainsleyclark/verbis/api/render/minify.go:144.11,146.17 2 0
github.com/ainsleyclark/verbis/api/render/minify.go:146.17,148.4 1 0
github.com/ainsleyclark/verbis/api/render/minify.go:149.8,151.3 1 0
github.com/ainsleyclark/verbis/api/render/sitemap.go:80.43,102.2 4 0
github.com/ainsleyclark/verbis/api/render/sitemap.go:109.46,112.32 2 0
github.com/ainsleyclark/verbis/api/render/sitemap.go:116.2,116.63 1 0
github.com/ainsleyclark/verbis/api/render/sitemap.go:120.2,121.32 2 0
github.com/ainsleyclark/verbis/api/render/sitemap.go:133.2,133.22 1 0
github.com/ainsleyclark/verbis/api/render/sitemap.go:140.2,141.16 2 0
github.com/ainsleyclark/verbis/api/render/sitemap.go:145.2,147.21 2 0
github.com/ainsleyclark/verbis/api/render/sitemap.go:112.32,114.3 1 0
github.com/ainsleyclark/verbis/api/render/sitemap.go:116.63,118.3 1 0
github.com/ainsleyclark/verbis/api/render/sitemap.go:121.32,123.36 2 0
github.com/ainsleyclark/verbis/api/render/sitemap.go:127.3,130.5 1 0
github.com/ainsleyclark/verbis/api/render/sitemap.go:123.36,124.12 1 0
github.com/ainsleyclark/verbis/api/render/sitemap.go:133.22,138.3 1 0
github.com/ainsleyclark/verbis/api/render/sitemap.go:141.16,143.3 1 0
github.com/ainsleyclark/verbis/api/render/sitemap.go:154.54,158.12 3 0
github.com/ainsleyclark/verbis/api/render/sitemap.go:162.2,162.56 1 0
github.com/ainsleyclark/verbis/api/render/sitemap.go:166.2,168.16 3 0
github.com/ainsleyclark/verbis/api/render/sitemap.go:172.2,174.18 2 0
github.com/ainsleyclark/verbis/api/render/sitemap.go:158.12,160.3 1 0
github.com/ainsleyclark/verbis/api/render/sitemap.go:162.56,164.3 1 0
github.com/ainsleyclark/verbis/api/render/sitemap.go:168.16,170.3 1 0
github.com/ainsleyclark/verbis/api/render/sitemap.go:184.61,187.32 2 0
github.com/ainsleyclark/verbis/api/render/sitemap.go:191.2,191.53 1 0
github.com/ainsleyclark/verbis/api/render/sitemap.go:195.2,200.29 5 0
github.com/ainsleyclark/verbis/api/render/sitemap.go:220.2,221.16 2 0
github.com/ainsleyclark/verbis/api/render/sitemap.go:225.2,225.21 1 0
github.com/ainsleyclark/verbis/api/render/sitemap.go:187.32,189.3 1 0
github.com/ainsleyclark/verbis/api/render/sitemap.go:191.53,193.3 1 0
github.com/ainsleyclark/verbis/api/render/sitemap.go:200.29,202.3 1 0
github.com/ainsleyclark/verbis/api/render/sitemap.go:202.8,204.17 2 0
github.com/ainsleyclark/verbis/api/render/sitemap.go:208.3,208.22 1 0
github.com/ainsleyclark/verbis/api/render/sitemap.go:212.3,212.27 1 0
github.com/ainsleyclark/verbis/api/render/sitemap.go:204.17,206.4 1 0
github.com/ainsleyclark/verbis/api/render/sitemap.go:208.22,210.4 1 0
github.com/ainsleyclark/verbis/api/render/sitemap.go:212.27,217.4 1 0
github.com/ainsleyclark/verbis/api/render/sitemap.go:221.16,223.3 1 0
github.com/ainsleyclark/verbis/api/render/sitemap.go:232.32,234.32 2 0
github.com/ainsleyclark/verbis/api/render/sitemap.go:234.32,236.3 1 0
github.com/ainsleyclark/verbis/api/render/sitemap.go:242.70,253.16 3 0
github.com/ainsleyclark/verbis/api/render/sitemap.go:257.2,258.26 2 0
github.com/ainsleyclark/verbis/api/render/sitemap.go:279.2,279.19 1 0
github.com/ainsleyclark/verbis/api/render/sitemap.go:253.16,255.3 1 0
github.com/ainsleyclark/verbis/api/render/sitemap.go:258.26,260.24 2 0
github.com/ainsleyclark/verbis/api/render/sitemap.go:266.3,267.27 2 0
github.com/ainsleyclark/verbis/api/render/sitemap.go:271.3,271.81 1 0
github.com/ainsleyclark/verbis/api/render/sitemap.go:260.24,262.4 1 0
github.com/ainsleyclark/verbis/api/render/sitemap.go:262.9,264.4 1 0
github.com/ainsleyclark/verbis/api/render/sitemap.go:267.27,269.4 1 0
github.com/ainsleyclark/verbis/api/render/sitemap.go:271.81,276.4 1 0
github.com/ainsleyclark/verbis/api/render/sitemap.go:287.45,289.35 2 0
github.com/ainsleyclark/verbis/api/render/sitemap.go:297.2,297.13 1 0
github.com/ainsleyclark/verbis/api/render/sitemap.go:289.35,290.44 1 0
github.com/ainsleyclark/verbis/api/render/sitemap.go:290.44,295.4 1 0
github.com/ainsleyclark/verbis/api/render/sitemap.go:303.39,305.2 1 0
github.com/ainsleyclark/verbis/api/render/sitemap.go:312.59,316.32 3 0
github.com/ainsleyclark/verbis/api/render/sitemap.go:322.2,322.49 1 0
github.com/ainsleyclark/verbis/api/render/sitemap.go:326.2,326.12 1 0
github.com/ainsleyclark/verbis/api/render/sitemap.go:330.2,330.12 1 0
github.com/ainsleyclark/verbis/api/render/sitemap.go:316.32,317.25 1 0
github.com/ainsleyclark/verbis/api/render/sitemap.go:317.25,319.4 1 0
github.com/ainsleyclark/verbis/api/render/sitemap.go:322.49,324.3 1 0
github.com/ainsleyclark/verbis/api/render/sitemap.go:326.12,328.3 1 0
github.com/ainsleyclark/verbis/api/render/sitemap.go:335.45,338.16 3 0
github.com/ainsleyclark/verbis/api/render/sitemap.go:341.2,341.18 1 0
github.com/ainsleyclark/verbis/api/render/sitemap.go:338.16,340.3 1 0
github.com/ainsleyclark/verbis/api/render/sitemap.go:349.75,353.16 3 0
github.com/ainsleyclark/verbis/api/render/sitemap.go:357.2,360.11 3 0
github.com/ainsleyclark/verbis/api/render/sitemap.go:366.2,370.23 4 0
github.com/ainsleyclark/verbis/api/render/sitemap.go:353.16,355.3 1 0
github.com/ainsleyclark/verbis/api/render/sitemap.go:360.11,362.3 1 0
github.com/ainsleyclark/verbis/api/render/sitemap.go:362.8,364.3 1 0
github.com/ainsleyclark/verbis/api/render/sitemap.go:376.52,378.11 2 0
github.com/ainsleyclark/verbis/api/render/sitemap.go:382.2,382.12 1 0
github.com/ainsleyclark/verbis/api/render/sitemap.go:378.11,381.3 2 0
github.com/ainsleyclark/verbis/api/render/uploads.go:11.67,17.15 4 0
github.com/ainsleyclark/verbis/api/render/uploads.go:22.2,24.34 3 0
github.com/ainsleyclark/verbis/api/render/uploads.go:32.2,36.16 3 0
github.com/ainsleyclark/verbis/api/render/uploads.go:41.2,41.15 1 0
github.com/ainsleyclark/verbis/api/render/uploads.go:51.2,52.39 2 0
github.com/ainsleyclark/verbis/api/render/uploads.go:56.2,56.30 1 0
github.com/ainsleyclark/verbis/api/render/uploads.go:17.15,19.3 1 0
github.com/ainsleyclark/verbis/api/render/uploads.go:24.34,26.45 2 0
github.com/ainsleyclark/verbis/api/render/uploads.go:26.45,28.4 1 0
github.com/ainsleyclark/verbis/api/render/uploads.go:36.16,38.3 1 0
github.com/ainsleyclark/verbis/api/render/uploads.go:41.15,42.13 1 0
github.com/ainsleyclark/verbis/api/render/uploads.go:42.13,43.57 1 0
github.com/ainsleyclark/verbis/api/render/uploads.go:43.57,46.5 2 0
github.com/ainsleyclark/verbis/api/render/uploads.go:52.39,54.3 1 0
github.com/ainsleyclark/verbis/api/render/util.go:7.64,9.33 1 0
github.com/ainsleyclark/verbis/api/render/util.go:13.2,16.28 3 0
github.com/ainsleyclark/verbis/api/render/util.go:22.2,22.17 1 0
github.com/ainsleyclark/verbis/api/render/util.go:9.33,11.3 1 0
github.com/ainsleyclark/verbis/api/render/util.go:16.28,20.3 3 0
github.com/ainsleyclark/verbis/api/render/errors.go:18.43,28.66 2 0
github.com/ainsleyclark/verbis/api/render/errors.go:31.2,31.8 1 0
github.com/ainsleyclark/verbis/api/render/errors.go:28.66,29.13 1 0
github.com/ainsleyclark/verbis/api/server/recovery.go:55.47,60.15 3 0
github.com/ainsleyclark/verbis/api/server/recovery.go:66.2,90.16 8 0
github.com/ainsleyclark/verbis/api/server/recovery.go:93.2,108.17 2 0
github.com/ainsleyclark/verbis/api/server/recovery.go:60.15,64.3 1 0
github.com/ainsleyclark/verbis/api/server/recovery.go:90.16,92.3 1 0
github.com/ainsleyclark/verbis/api/server/recovery.go:108.17,110.3 1 0
github.com/ainsleyclark/verbis/api/server/recovery.go:114.59,119.32 4 0
github.com/ainsleyclark/verbis/api/server/recovery.go:157.2,157.17 1 0
github.com/ainsleyclark/verbis/api/server/recovery.go:119.32,121.10 2 0
github.com/ainsleyclark/verbis/api/server/recovery.go:124.3,129.20 5 0
github.com/ainsleyclark/verbis/api/server/recovery.go:121.10,123.4 1 0
github.com/ainsleyclark/verbis/api/server/recovery.go:131.8,133.10 2 0
github.com/ainsleyclark/verbis/api/server/recovery.go:136.3,136.48 1 0
github.com/ainsleyclark/verbis/api/server/recovery.go:154.3,154.19 1 0
github.com/ainsleyclark/verbis/api/server/recovery.go:133.10,135.4 1 0
github.com/ainsleyclark/verbis/api/server/recovery.go:136.48,137.46 1 0
github.com/ainsleyclark/verbis/api/server/recovery.go:140.4,146.28 2 0
github.com/ainsleyclark/verbis/api/server/recovery.go:137.46,138.15 1 0
github.com/ainsleyclark/verbis/api/server/recovery.go:147.9,153.4 1 0
github.com/ainsleyclark/verbis/api/server/recovery.go:161.39,165.34 3 0
github.com/ainsleyclark/verbis/api/server/recovery.go:176.2,176.14 1 0
github.com/ainsleyclark/verbis/api/server/recovery.go:165.34,167.9 2 0
github.com/ainsleyclark/verbis/api/server/recovery.go:167.9,173.4 1 0
github.com/ainsleyclark/verbis/api/server/recovery.go:181.54,185.36 3 0
github.com/ainsleyclark/verbis/api/server/recovery.go:195.2,195.26 1 0
github.com/ainsleyclark/verbis/api/server/recovery.go:185.36,187.68 2 0
github.com/ainsleyclark/verbis/api/server/recovery.go:187.68,190.4 2 0
github.com/ainsleyclark/verbis/api/server/recovery.go:190.9,192.4 1 0
github.com/ainsleyclark/verbis/api/server/recovery.go:202.52,212.22 5 0
github.com/ainsleyclark/verbis/api/server/recovery.go:221.2,225.12 4 0
github.com/ainsleyclark/verbis/api/server/recovery.go:212.22,214.17 2 0
github.com/ainsleyclark/verbis/api/server/recovery.go:217.3,218.60 2 0
github.com/ainsleyclark/verbis/api/server/recovery.go:214.17,216.4 1 0
github.com/ainsleyclark/verbis/api/server/recovery.go:230.78,235.29 4 0
github.com/ainsleyclark/verbis/api/server/recovery.go:245.2,245.18 1 0
github.com/ainsleyclark/verbis/api/server/recovery.go:235.29,236.43 1 0
github.com/ainsleyclark/verbis/api/server/recovery.go:242.3,242.12 1 0
github.com/ainsleyclark/verbis/api/server/recovery.go:236.43,241.4 1 0
github.com/ainsleyclark/verbis/api/server/server.go:25.46,55.2 11 0
github.com/ainsleyclark/verbis/api/server/server.go:57.20,58.58 1 0
github.com/ainsleyclark/verbis/api/server/server.go:58.58,61.3 2 0
github.com/ainsleyclark/verbis/api/server/server.go:61.8,63.3 1 0
github.com/ainsleyclark/verbis/api/server/server.go:68.49,74.16 4 0
github.com/ainsleyclark/verbis/api/server/server.go:78.2,78.12 1 0
github.com/ainsleyclark/verbis/api/server/server.go:74.16,76.3 1 0
github.com/ainsleyclark/verbis/api/server/server.go:83.56,89.19 3 0
github.com/ainsleyclark/verbis/api/server/server.go:94.2,95.33 2 0
github.com/ainsleyclark/verbis/api/server/server.go:110.2,110.27 1 0
github.com/ainsleyclark/verbis/api/server/server.go:122.2,122.31 1 0
github.com/ainsleyclark/verbis/api/server/server.go:89.19,91.3 1 0
github.com/ainsleyclark/verbis/api/server/server.go:96.26,97.3 1 0
github.com/ainsleyclark/verbis/api/server/server.go:101.20,102.3 1 0
github.com/ainsleyclark/verbis/api/server/server.go:97.3,99.9 2 0
github.com/ainsleyclark/verbis/api/server/server.go:102.3,104.9 2 0
github.com/ainsleyclark/verbis/api/server/server.go:110.27,111.46 1 0
github.com/ainsleyclark/verbis/api/server/server.go:111.46,114.4 2 0
github.com/ainsleyclark/verbis/api/server/server.go:115.8,116.41 1 0
github.com/ainsleyclark/verbis/api/server/server.go:116.41,119.4 2 0
