mode: set
github.com/ainsleyclark/verbis/api/templates/fields.go:19.53,20.40 1 1
github.com/ainsleyclark/verbis/api/templates/fields.go:20.40,22.3 1 1
github.com/ainsleyclark/verbis/api/templates/fields.go:22.8,24.3 1 0
github.com/ainsleyclark/verbis/api/templates/fields.go:28.53,30.2 1 0
github.com/ainsleyclark/verbis/api/templates/fields.go:33.46,34.40 1 0
github.com/ainsleyclark/verbis/api/templates/fields.go:37.2,37.14 1 0
github.com/ainsleyclark/verbis/api/templates/fields.go:34.40,36.3 1 0
github.com/ainsleyclark/verbis/api/templates/fields.go:41.69,42.40 1 0
github.com/ainsleyclark/verbis/api/templates/fields.go:50.2,50.12 1 0
github.com/ainsleyclark/verbis/api/templates/fields.go:42.40,45.28 3 0
github.com/ainsleyclark/verbis/api/templates/fields.go:48.3,48.11 1 0
github.com/ainsleyclark/verbis/api/templates/fields.go:45.28,47.4 1 0
github.com/ainsleyclark/verbis/api/templates/fields.go:54.69,55.40 1 0
github.com/ainsleyclark/verbis/api/templates/fields.go:63.2,63.12 1 0
github.com/ainsleyclark/verbis/api/templates/fields.go:55.40,58.28 3 0
github.com/ainsleyclark/verbis/api/templates/fields.go:61.3,61.11 1 0
github.com/ainsleyclark/verbis/api/templates/fields.go:58.28,60.4 1 0
github.com/ainsleyclark/verbis/api/templates/fields.go:66.80,70.2 3 0
github.com/ainsleyclark/verbis/api/templates/footer.go:11.55,17.38 3 0
github.com/ainsleyclark/verbis/api/templates/footer.go:22.2,22.34 1 0
github.com/ainsleyclark/verbis/api/templates/footer.go:26.2,26.49 1 0
github.com/ainsleyclark/verbis/api/templates/footer.go:17.38,19.3 1 0
github.com/ainsleyclark/verbis/api/templates/footer.go:22.34,24.3 1 0
github.com/ainsleyclark/verbis/api/templates/functions.go:25.87,28.21 2 0
github.com/ainsleyclark/verbis/api/templates/functions.go:34.2,41.11 2 0
github.com/ainsleyclark/verbis/api/templates/functions.go:28.21,29.55 1 0
github.com/ainsleyclark/verbis/api/templates/functions.go:29.55,31.4 1 0
github.com/ainsleyclark/verbis/api/templates/functions.go:45.61,74.2 1 0
github.com/ainsleyclark/verbis/api/templates/functions.go:82.45,84.2 1 0
github.com/ainsleyclark/verbis/api/templates/functions.go:87.49,89.2 1 0
github.com/ainsleyclark/verbis/api/templates/functions.go:92.44,94.2 1 0
github.com/ainsleyclark/verbis/api/templates/functions.go:102.50,104.21 2 0
github.com/ainsleyclark/verbis/api/templates/functions.go:107.2,107.18 1 0
github.com/ainsleyclark/verbis/api/templates/functions.go:104.21,106.3 1 0
github.com/ainsleyclark/verbis/api/templates/functions.go:110.62,113.2 1 0
github.com/ainsleyclark/verbis/api/templates/functions.go:116.48,118.21 2 0
github.com/ainsleyclark/verbis/api/templates/functions.go:121.2,121.18 1 0
github.com/ainsleyclark/verbis/api/templates/functions.go:118.21,120.3 1 0
github.com/ainsleyclark/verbis/api/templates/functions.go:124.60,127.2 1 0
github.com/ainsleyclark/verbis/api/templates/functions.go:130.50,132.21 2 0
github.com/ainsleyclark/verbis/api/templates/functions.go:135.2,135.18 1 0
github.com/ainsleyclark/verbis/api/templates/functions.go:132.21,134.3 1 0
github.com/ainsleyclark/verbis/api/templates/functions.go:138.62,141.2 1 0
github.com/ainsleyclark/verbis/api/templates/functions.go:146.95,148.2 1 0
github.com/ainsleyclark/verbis/api/templates/functions.go:157.43,159.16 2 0
github.com/ainsleyclark/verbis/api/templates/functions.go:163.2,164.16 2 0
github.com/ainsleyclark/verbis/api/templates/functions.go:168.2,168.13 1 0
github.com/ainsleyclark/verbis/api/templates/functions.go:159.16,161.3 1 0
github.com/ainsleyclark/verbis/api/templates/functions.go:164.16,166.3 1 0
github.com/ainsleyclark/verbis/api/templates/functions.go:172.44,174.16 2 0
github.com/ainsleyclark/verbis/api/templates/functions.go:178.2,179.16 2 0
github.com/ainsleyclark/verbis/api/templates/functions.go:183.2,184.16 2 0
github.com/ainsleyclark/verbis/api/templates/functions.go:192.2,192.13 1 0
github.com/ainsleyclark/verbis/api/templates/functions.go:174.16,176.3 1 0
github.com/ainsleyclark/verbis/api/templates/functions.go:179.16,181.3 1 0
github.com/ainsleyclark/verbis/api/templates/functions.go:184.16,186.3 1 0
github.com/ainsleyclark/verbis/api/templates/functions.go:201.49,204.2 1 0
github.com/ainsleyclark/verbis/api/templates/functions.go:207.50,210.2 1 0
github.com/ainsleyclark/verbis/api/templates/functions.go:218.49,220.2 1 0
github.com/ainsleyclark/verbis/api/templates/functions.go:223.63,225.2 1 0
github.com/ainsleyclark/verbis/api/templates/functions.go:228.85,231.25 2 0
github.com/ainsleyclark/verbis/api/templates/functions.go:235.2,236.16 2 0
github.com/ainsleyclark/verbis/api/templates/functions.go:240.2,242.16 3 0
github.com/ainsleyclark/verbis/api/templates/functions.go:247.2,247.36 1 0
github.com/ainsleyclark/verbis/api/templates/functions.go:231.25,232.62 1 0
github.com/ainsleyclark/verbis/api/templates/functions.go:236.16,237.59 1 0
github.com/ainsleyclark/verbis/api/templates/functions.go:242.16,244.13 2 0
github.com/ainsleyclark/verbis/api/templates/header.go:14.55,20.38 3 0
github.com/ainsleyclark/verbis/api/templates/header.go:25.2,25.34 1 0
github.com/ainsleyclark/verbis/api/templates/header.go:30.2,32.16 3 0
github.com/ainsleyclark/verbis/api/templates/header.go:37.2,40.22 2 0
github.com/ainsleyclark/verbis/api/templates/header.go:44.2,44.28 1 0
github.com/ainsleyclark/verbis/api/templates/header.go:49.2,49.95 1 0
github.com/ainsleyclark/verbis/api/templates/header.go:53.2,53.31 1 0
github.com/ainsleyclark/verbis/api/templates/header.go:56.2,56.37 1 0
github.com/ainsleyclark/verbis/api/templates/header.go:61.2,61.95 1 0
github.com/ainsleyclark/verbis/api/templates/header.go:65.2,65.31 1 0
github.com/ainsleyclark/verbis/api/templates/header.go:68.2,68.37 1 0
github.com/ainsleyclark/verbis/api/templates/header.go:74.2,74.92 1 0
github.com/ainsleyclark/verbis/api/templates/header.go:77.2,77.30 1 0
github.com/ainsleyclark/verbis/api/templates/header.go:80.2,80.36 1 0
github.com/ainsleyclark/verbis/api/templates/header.go:85.2,85.49 1 0
github.com/ainsleyclark/verbis/api/templates/header.go:20.38,22.3 1 0
github.com/ainsleyclark/verbis/api/templates/header.go:25.34,27.3 1 0
github.com/ainsleyclark/verbis/api/templates/header.go:32.16,34.3 1 0
github.com/ainsleyclark/verbis/api/templates/header.go:40.23,43.3 0 0
github.com/ainsleyclark/verbis/api/templates/header.go:44.28,46.3 1 0
github.com/ainsleyclark/verbis/api/templates/header.go:49.95,52.3 2 0
github.com/ainsleyclark/verbis/api/templates/header.go:53.31,55.3 1 0
github.com/ainsleyclark/verbis/api/templates/header.go:56.37,58.3 1 0
github.com/ainsleyclark/verbis/api/templates/header.go:61.95,64.3 2 0
github.com/ainsleyclark/verbis/api/templates/header.go:65.31,67.3 1 0
github.com/ainsleyclark/verbis/api/templates/header.go:68.37,70.3 1 0
github.com/ainsleyclark/verbis/api/templates/header.go:74.92,76.3 1 0
github.com/ainsleyclark/verbis/api/templates/header.go:77.30,79.3 1 0
github.com/ainsleyclark/verbis/api/templates/header.go:80.36,82.3 1 0
