mode: set
github.com/ainsleyclark/verbis/api/templates/header.go:14.55,20.38 3 0
github.com/ainsleyclark/verbis/api/templates/header.go:25.2,25.34 1 0
github.com/ainsleyclark/verbis/api/templates/header.go:29.2,29.32 1 0
github.com/ainsleyclark/verbis/api/templates/header.go:90.2,90.11 1 0
github.com/ainsleyclark/verbis/api/templates/header.go:20.38,22.3 1 0
github.com/ainsleyclark/verbis/api/templates/header.go:25.34,27.3 1 0
github.com/ainsleyclark/verbis/api/templates/header.go:29.32,34.17 3 0
github.com/ainsleyclark/verbis/api/templates/header.go:39.3,42.23 2 0
github.com/ainsleyclark/verbis/api/templates/header.go:46.3,46.29 1 0
github.com/ainsleyclark/verbis/api/templates/header.go:51.3,51.96 1 0
github.com/ainsleyclark/verbis/api/templates/header.go:55.3,55.32 1 0
github.com/ainsleyclark/verbis/api/templates/header.go:58.3,58.38 1 0
github.com/ainsleyclark/verbis/api/templates/header.go:63.3,63.96 1 0
github.com/ainsleyclark/verbis/api/templates/header.go:67.3,67.32 1 0
github.com/ainsleyclark/verbis/api/templates/header.go:70.3,70.38 1 0
github.com/ainsleyclark/verbis/api/templates/header.go:76.3,76.93 1 0
github.com/ainsleyclark/verbis/api/templates/header.go:79.3,79.31 1 0
github.com/ainsleyclark/verbis/api/templates/header.go:82.3,82.37 1 0
github.com/ainsleyclark/verbis/api/templates/header.go:87.3,87.50 1 0
github.com/ainsleyclark/verbis/api/templates/header.go:34.17,36.4 1 0
github.com/ainsleyclark/verbis/api/templates/header.go:42.24,45.4 0 0
github.com/ainsleyclark/verbis/api/templates/header.go:46.29,48.4 1 0
github.com/ainsleyclark/verbis/api/templates/header.go:51.96,54.4 2 0
github.com/ainsleyclark/verbis/api/templates/header.go:55.32,57.4 1 0
github.com/ainsleyclark/verbis/api/templates/header.go:58.38,60.4 1 0
github.com/ainsleyclark/verbis/api/templates/header.go:63.96,66.4 2 0
github.com/ainsleyclark/verbis/api/templates/header.go:67.32,69.4 1 0
github.com/ainsleyclark/verbis/api/templates/header.go:70.38,72.4 1 0
github.com/ainsleyclark/verbis/api/templates/header.go:76.93,78.4 1 0
github.com/ainsleyclark/verbis/api/templates/header.go:79.31,81.4 1 0
github.com/ainsleyclark/verbis/api/templates/header.go:82.37,84.4 1 0
github.com/ainsleyclark/verbis/api/templates/partial.go:20.85,23.25 2 0
github.com/ainsleyclark/verbis/api/templates/partial.go:27.2,29.16 3 0
github.com/ainsleyclark/verbis/api/templates/partial.go:33.2,35.16 3 0
github.com/ainsleyclark/verbis/api/templates/partial.go:39.2,39.36 1 0
github.com/ainsleyclark/verbis/api/templates/partial.go:23.25,24.62 1 0
github.com/ainsleyclark/verbis/api/templates/partial.go:29.16,30.68 1 0
github.com/ainsleyclark/verbis/api/templates/partial.go:35.16,36.13 1 0
github.com/ainsleyclark/verbis/api/templates/paths.go:4.49,8.2 1 0
github.com/ainsleyclark/verbis/api/templates/util.go:8.63,10.2 1 0
github.com/ainsleyclark/verbis/api/templates/fields.go:12.75,16.17 2 1
github.com/ainsleyclark/verbis/api/templates/fields.go:31.2,32.12 2 1
github.com/ainsleyclark/verbis/api/templates/fields.go:36.2,36.12 1 1
github.com/ainsleyclark/verbis/api/templates/fields.go:16.17,19.17 2 1
github.com/ainsleyclark/verbis/api/templates/fields.go:23.3,24.58 2 1
github.com/ainsleyclark/verbis/api/templates/fields.go:28.3,28.13 1 1
github.com/ainsleyclark/verbis/api/templates/fields.go:19.17,21.4 1 1
github.com/ainsleyclark/verbis/api/templates/fields.go:24.58,26.4 1 1
github.com/ainsleyclark/verbis/api/templates/fields.go:32.12,34.3 1 1
github.com/ainsleyclark/verbis/api/templates/fields.go:40.73,42.17 2 0
github.com/ainsleyclark/verbis/api/templates/fields.go:57.2,57.15 1 0
github.com/ainsleyclark/verbis/api/templates/fields.go:42.17,45.17 2 0
github.com/ainsleyclark/verbis/api/templates/fields.go:49.3,50.58 2 0
github.com/ainsleyclark/verbis/api/templates/fields.go:54.3,54.13 1 0
github.com/ainsleyclark/verbis/api/templates/fields.go:45.17,47.4 1 0
github.com/ainsleyclark/verbis/api/templates/fields.go:50.58,52.4 1 0
github.com/ainsleyclark/verbis/api/templates/fields.go:61.57,62.40 1 1
github.com/ainsleyclark/verbis/api/templates/fields.go:65.2,65.14 1 1
github.com/ainsleyclark/verbis/api/templates/fields.go:62.40,64.3 1 1
github.com/ainsleyclark/verbis/api/templates/fields.go:69.80,70.40 1 1
github.com/ainsleyclark/verbis/api/templates/fields.go:78.2,78.12 1 1
github.com/ainsleyclark/verbis/api/templates/fields.go:70.40,73.28 3 1
github.com/ainsleyclark/verbis/api/templates/fields.go:76.3,76.11 1 1
github.com/ainsleyclark/verbis/api/templates/fields.go:73.28,75.4 1 1
github.com/ainsleyclark/verbis/api/templates/fields.go:82.80,83.40 1 0
github.com/ainsleyclark/verbis/api/templates/fields.go:94.2,94.12 1 0
github.com/ainsleyclark/verbis/api/templates/fields.go:83.40,85.10 2 0
github.com/ainsleyclark/verbis/api/templates/fields.go:88.3,89.28 2 0
github.com/ainsleyclark/verbis/api/templates/fields.go:92.3,92.11 1 0
github.com/ainsleyclark/verbis/api/templates/fields.go:85.10,87.4 1 0
github.com/ainsleyclark/verbis/api/templates/fields.go:89.28,91.4 1 0
github.com/ainsleyclark/verbis/api/templates/fields.go:98.98,101.9 3 0
github.com/ainsleyclark/verbis/api/templates/fields.go:104.2,105.12 2 0
github.com/ainsleyclark/verbis/api/templates/fields.go:108.2,108.12 1 0
github.com/ainsleyclark/verbis/api/templates/fields.go:101.9,103.3 1 0
github.com/ainsleyclark/verbis/api/templates/fields.go:105.12,107.3 1 0
github.com/ainsleyclark/verbis/api/templates/footer.go:11.55,17.38 3 0
github.com/ainsleyclark/verbis/api/templates/footer.go:22.2,22.34 1 0
github.com/ainsleyclark/verbis/api/templates/footer.go:26.2,26.49 1 0
github.com/ainsleyclark/verbis/api/templates/footer.go:17.38,19.3 1 0
github.com/ainsleyclark/verbis/api/templates/footer.go:22.34,24.3 1 0
github.com/ainsleyclark/verbis/api/templates/functions.go:22.87,25.21 2 1
github.com/ainsleyclark/verbis/api/templates/functions.go:31.2,38.11 2 1
github.com/ainsleyclark/verbis/api/templates/functions.go:25.21,26.55 1 1
github.com/ainsleyclark/verbis/api/templates/functions.go:26.55,28.4 1 0
github.com/ainsleyclark/verbis/api/templates/functions.go:42.61,76.2 3 0
github.com/ainsleyclark/verbis/api/templates/functions.go:84.45,86.2 1 0
github.com/ainsleyclark/verbis/api/templates/functions.go:89.49,91.2 1 0
github.com/ainsleyclark/verbis/api/templates/functions.go:94.44,96.2 1 0
github.com/ainsleyclark/verbis/api/templates/functions.go:104.50,106.21 2 0
github.com/ainsleyclark/verbis/api/templates/functions.go:109.2,109.18 1 0
github.com/ainsleyclark/verbis/api/templates/functions.go:106.21,108.3 1 0
github.com/ainsleyclark/verbis/api/templates/functions.go:112.62,115.2 1 0
github.com/ainsleyclark/verbis/api/templates/functions.go:118.48,120.21 2 0
github.com/ainsleyclark/verbis/api/templates/functions.go:123.2,123.18 1 0
github.com/ainsleyclark/verbis/api/templates/functions.go:120.21,122.3 1 0
github.com/ainsleyclark/verbis/api/templates/functions.go:126.60,129.2 1 0
github.com/ainsleyclark/verbis/api/templates/functions.go:132.50,134.21 2 0
github.com/ainsleyclark/verbis/api/templates/functions.go:137.2,137.18 1 0
github.com/ainsleyclark/verbis/api/templates/functions.go:134.21,136.3 1 0
github.com/ainsleyclark/verbis/api/templates/functions.go:140.62,143.2 1 0
github.com/ainsleyclark/verbis/api/templates/functions.go:148.95,150.2 1 0
github.com/ainsleyclark/verbis/api/templates/functions.go:159.43,161.16 2 0
github.com/ainsleyclark/verbis/api/templates/functions.go:165.2,166.16 2 0
github.com/ainsleyclark/verbis/api/templates/functions.go:170.2,170.13 1 0
github.com/ainsleyclark/verbis/api/templates/functions.go:161.16,163.3 1 0
github.com/ainsleyclark/verbis/api/templates/functions.go:166.16,168.3 1 0
github.com/ainsleyclark/verbis/api/templates/functions.go:174.44,176.16 2 0
github.com/ainsleyclark/verbis/api/templates/functions.go:180.2,181.16 2 0
github.com/ainsleyclark/verbis/api/templates/functions.go:185.2,186.16 2 0
github.com/ainsleyclark/verbis/api/templates/functions.go:194.2,194.13 1 0
github.com/ainsleyclark/verbis/api/templates/functions.go:176.16,178.3 1 0
github.com/ainsleyclark/verbis/api/templates/functions.go:181.16,183.3 1 0
github.com/ainsleyclark/verbis/api/templates/functions.go:186.16,188.3 1 0
github.com/ainsleyclark/verbis/api/templates/functions.go:205.50,208.2 1 0
github.com/ainsleyclark/verbis/api/templates/functions.go:216.49,218.2 1 0
